
*****************************************************************
  Start makeNtuplesPAIReDjointMC()
*****************************************************************

** Open input file: PFNano.root
** Create output file: PAIReD.root
** Create tree "tree" entitled "PAIReD jets for training" in output file
** Total number of events: 6000
** Process all events
** Batch size: 100 MB
** Physics process: 0
** PAIReD geometry: Ellipse

** Start processing data
process event batch 0
part [[[{phi: -1.33, eta: -0.298, pt: 21.3, charge: 1, ...}, ..., {...}], ...], ...]
---------------------------------
event

precut len 5317
[[4.92e+07, 4.92e+07, 4.92e+07], ..., [5.3e+07, 5.3e+07, ..., 5.3e+07, 5.3e+07]]

flattened precut len 36733
[4.92e+07, 4.92e+07, 4.92e+07, 4.92e+07, ..., 5.3e+07, 5.3e+07, 5.3e+07]

postcut len 2918
[[4.92e+07, 4.92e+07, 4.92e+07], ..., [5.3e+07, 5.3e+07, ..., 5.3e+07, 5.3e+07]]

flattened len 25209
[4.92e+07, 4.92e+07, 4.92e+07, 4.92e+07, ..., 5.3e+07, 5.3e+07, 5.3e+07]

---------------------------------
genweight

precut len 5317
[[1, 1, 1], [1, 1, ..., 1], ..., [1, 1, 1, 1, 1, 1, 1, 1, 1, 1, 1, 1, 1, 1, 1]]

flattened precut len 36733
[1, 1, 1, 1, 1, 1, 1, 1, 1, 1, 1, 1, 1, ..., 1, 1, 1, 1, 1, 1, 1, 1, 1, 1, 1, 1]

postcut len 2918
[[1, 1, 1], [1, 1, ..., 1], ..., [1, 1, 1, 1, 1, 1, 1, 1, 1, 1, 1, 1, 1, 1, 1]]

flattened len 25209
[1, 1, 1, 1, 1, 1, 1, 1, 1, 1, 1, 1, 1, ..., 1, 1, 1, 1, 1, 1, 1, 1, 1, 1, 1, 1]

---------------------------------
run

precut len 5317
[[1, 1, 1], [1, 1, ..., 1], ..., [1, 1, 1, 1, 1, 1, 1, 1, 1, 1, 1, 1, 1, 1, 1]]

flattened precut len 36733
[1, 1, 1, 1, 1, 1, 1, 1, 1, 1, 1, 1, 1, ..., 1, 1, 1, 1, 1, 1, 1, 1, 1, 1, 1, 1]

postcut len 2918
[[1, 1, 1], [1, 1, ..., 1], ..., [1, 1, 1, 1, 1, 1, 1, 1, 1, 1, 1, 1, 1, 1, 1]]

flattened len 25209
[1, 1, 1, 1, 1, 1, 1, 1, 1, 1, 1, 1, 1, ..., 1, 1, 1, 1, 1, 1, 1, 1, 1, 1, 1, 1]

---------------------------------
Pileup_nPU

precut len 5317
[[58, 58, 58], ..., [57, 57, 57, 57, 57, 57, 57, ..., 57, 57, 57, 57, 57, 57]]

flattened precut len 36733
[58, 58, 58, 31, 31, 31, 31, 31, 31, ..., 57, 57, 57, 57, 57, 57, 57, 57, 57]

postcut len 2918
[[58, 58, 58], ..., [57, 57, 57, 57, 57, 57, 57, ..., 57, 57, 57, 57, 57, 57]]

flattened len 25209
[46, 46, 46, 46, 46, 46, 46, 46, 46, ..., 57, 57, 57, 57, 57, 57, 57, 57, 57]

---------------------------------
pv_n

precut len 5317
[[52, 52, 52], ..., [42, 42, 42, 42, 42, 42, 42, ..., 42, 42, 42, 42, 42, 42]]

flattened precut len 36733
[52, 52, 52, 25, 25, 25, 25, 25, 25, ..., 42, 42, 42, 42, 42, 42, 42, 42, 42]

postcut len 2918
[[52, 52, 52], ..., [42, 42, 42, 42, 42, 42, 42, ..., 42, 42, 42, 42, 42, 42]]

flattened len 25209
[33, 33, 33, 33, 33, 33, 33, 33, 33, ..., 42, 42, 42, 42, 42, 42, 42, 42, 42]

---------------------------------
pv_ngood

precut len 5317
[[47, 47, 47], ..., [42, 42, 42, 42, 42, 42, 42, ..., 42, 42, 42, 42, 42, 42]]

flattened precut len 36733
[47, 47, 47, 22, 22, 22, 22, 22, 22, ..., 42, 42, 42, 42, 42, 42, 42, 42, 42]

postcut len 2918
[[47, 47, 47], ..., [42, 42, 42, 42, 42, 42, 42, ..., 42, 42, 42, 42, 42, 42]]

flattened len 25209
[31, 31, 31, 31, 31, 31, 31, 31, 31, ..., 42, 42, 42, 42, 42, 42, 42, 42, 42]

---------------------------------
fgrfcc

precut len 5317
[[28.1, 28.1, 28.1], ..., [34.5, 34.5, 34.5, 34.5, ..., 34.5, 34.5, 34.5, 34.5]]

flattened precut len 36733
[28.1, 28.1, 28.1, 16.7, 16.7, 16.7, ..., 34.5, 34.5, 34.5, 34.5, 34.5, 34.5]

postcut len 2918
[[28.1, 28.1, 28.1], ..., [34.5, 34.5, 34.5, 34.5, ..., 34.5, 34.5, 34.5, 34.5]]

flattened len 25209
[24.1, 24.1, 24.1, 24.1, 24.1, 24.1, ..., 34.5, 34.5, 34.5, 34.5, 34.5, 34.5]

---------------------------------
fgrfccpu

precut len 5317
[[27.8, 27.8, 27.8], ..., [26.8, 26.8, 26.8, 26.8, ..., 26.8, 26.8, 26.8, 26.8]]

flattened precut len 36733
[27.8, 27.8, 27.8, 12.9, 12.9, 12.9, ..., 26.8, 26.8, 26.8, 26.8, 26.8, 26.8]

postcut len 2918
[[27.8, 27.8, 27.8], ..., [26.8, 26.8, 26.8, 26.8, ..., 26.8, 26.8, 26.8, 26.8]]

flattened len 25209
[18.4, 18.4, 18.4, 18.4, 18.4, 18.4, ..., 26.8, 26.8, 26.8, 26.8, 26.8, 26.8]

---------------------------------
jet1

precut len 5317
[[{phi: -0.2, eta: 0.167, pt: 136, energy: 141, ...}, {...}, {...}], ..., [...]]

flattened precut len 36733
[{phi: -0.2, eta: 0.167, pt: 136, energy: 141, nparticles: 36, ...}, ..., {...}]

postcut len 2918
[[{phi: -0.2, eta: 0.167, pt: 136, energy: 141, ...}, {...}, {...}], ..., [...]]

flattened len 25209
[{phi: 1.26, eta: 1.3, pt: 186, energy: 365, nparticles: 13, ...}, ..., {...}]

---------------------------------
jet2

precut len 5317
[[{phi: -2.74, eta: 0.532, pt: 116, energy: 133, ...}, {...}, {...}], ...]

flattened precut len 36733
[{phi: -2.74, eta: 0.532, pt: 116, energy: 133, nparticles: 7, ...}, ..., {...}]

postcut len 2918
[[{phi: -2.74, eta: 0.532, pt: 116, energy: 133, ...}, {...}, {...}], ...]

flattened len 25209
[{phi: -0.553, eta: 1.25, pt: 137, energy: 259, nparticles: 11, ...}, ...]

---------------------------------
dijet

precut len 5317
[[{eta: 0.301, phi: -1.11, pt: 168, mass: 331, nparticles: 31, ...}, ...], ...]

flattened precut len 36733
[{eta: 0.301, phi: -1.11, pt: 168, mass: 331, nparticles: 31, ...}, ..., {...}]

postcut len 2918
[[{eta: 0.301, phi: -1.11, pt: 168, mass: 331, nparticles: 31, ...}, ...], ...]

flattened len 25209
[{eta: 1.64, phi: 0.576, pt: 189, mass: 241, nparticles: 4, ...}, ..., {...}]

---------------------------------
part

precut len 5317
[[[{phi: -1.33, eta: -0.298, pt: 21.3, charge: 1, ...}, ..., {...}], ...], ...]

flattened precut len 36733
[[{phi: -1.33, eta: -0.298, pt: 21.3, charge: 1, pid: 211, ...}, ...], ...]

postcut len 2918
[[[{phi: -1.33, eta: -0.298, pt: 21.3, charge: 1, ...}, ..., {...}], ...], ...]

flattened len 25209
[[{phi: 1.08, eta: 0.173, pt: 5.63, charge: 0, pid: 130, ...}, ..., {...}], ...]

---------------------------------
sv

precut len 5317
[[[{charge: 0, chi2: 3.02, dlen: 6.15, dlenSig: 48.2, ...}, ...], ...], ...]

flattened precut len 36733
[[{charge: 0, chi2: 3.02, dlen: 6.15, dlenSig: 48.2, dxy: 5.86, ...}, ...], ...]

postcut len 2918
[[[{charge: 0, chi2: 3.02, dlen: 6.15, dlenSig: 48.2, ...}, ...], ...], ...]

flattened len 25209
[[{charge: 0, chi2: 2.33, dlen: 0.959, dlenSig: 9.45, dxy: 0.508, ...}], ...]

---------------------------------
MC_physics_process

precut len 5317
[[0, 0, 0], [0, 0, ..., 0], ..., [0, 0, 0, 0, 0, 0, 0, 0, 0, 0, 0, 0, 0, 0, 0]]

flattened precut len 36733
[0, 0, 0, 0, 0, 0, 0, 0, 0, 0, 0, 0, 0, ..., 0, 0, 0, 0, 0, 0, 0, 0, 0, 0, 0, 0]

postcut len 2918
[[0, 0, 0], [0, 0, ..., 0], ..., [0, 0, 0, 0, 0, 0, 0, 0, 0, 0, 0, 0, 0, 0, 0]]

flattened len 25209
[0, 0, 0, 0, 0, 0, 0, 0, 0, 0, 0, 0, 0, ..., 0, 0, 0, 0, 0, 0, 0, 0, 0, 0, 0, 0]

---------------------------------
MC_higgs_pt

precut len 5317
[[0, 0, 0], [0, ..., 0], ..., [0, 0, 263, 0, 0, 0, 0, 0, 0, 0, 0, 0, 263, 0, 0]]

flattened precut len 36733
[0, 0, 0, 0, 0, 0, 0, 0, 0, 0, 0, 0, ..., 0, 0, 0, 0, 0, 0, 0, 0, 0, 263, 0, 0]

postcut len 2918
[[0, 0, 0], [0, ..., 0], ..., [0, 0, 263, 0, 0, 0, 0, 0, 0, 0, 0, 0, 263, 0, 0]]

flattened len 25209
[0, 0, 0, 0, 204, 204, 0, 0, 204, 0, 0, ..., 0, 0, 0, 0, 0, 0, 0, 0, 263, 0, 0]

---------------------------------
MC_higgs_eta

precut len 5317
[[0, 0, 0], [...], ..., [0, 0, 0.334, 0, 0, 0, 0, 0, 0, 0, 0, 0, 0.334, 0, 0]]

flattened precut len 36733
[0, 0, 0, -0, -0, -0, -0, -0, -0, 0, 0, ..., 0, 0, 0, 0, 0, 0, 0, 0.334, 0, 0]

postcut len 2918
[[0, 0, 0], [...], ..., [0, 0, 0.334, 0, 0, 0, 0, 0, 0, 0, 0, 0, 0.334, 0, 0]]

flattened len 25209
[0, 0, 0, 0, 1.56, 1.56, 0, 0, 1.56, 0, ..., 0, 0, 0, 0, 0, 0, 0, 0.334, 0, 0]

---------------------------------
MC_higgs_phi

precut len 5317
[[0, 0, 0], [0, ...], ..., [0, 0, 1.74, 0, 0, 0, 0, 0, 0, 0, 0, 0, 1.74, 0, 0]]

flattened precut len 36733
[0, 0, 0, 0, 0, 0, 0, 0, 0, 0, 0, 0, ..., 0, 0, 0, 0, 0, 0, 0, 0, 0, 1.74, 0, 0]

postcut len 2918
[[0, 0, 0], [0, ...], ..., [0, 0, 1.74, 0, 0, 0, 0, 0, 0, 0, 0, 0, 1.74, 0, 0]]

flattened len 25209
[0, 0, 0, 0, -1.5, -1.5, 0, 0, -1.5, 0, 0, ..., 0, 0, 0, 0, 0, 0, 0, 1.74, 0, 0]

---------------------------------
MC_higgs_mass

precut len 5317
[[0, 0, 0], [0, ..., 0], ..., [0, 0, 215, 0, 0, 0, 0, 0, 0, 0, 0, 0, 215, 0, 0]]

flattened precut len 36733
[0, 0, 0, 0, 0, 0, 0, 0, 0, 0, 0, 0, ..., 0, 0, 0, 0, 0, 0, 0, 0, 0, 215, 0, 0]

postcut len 2918
[[0, 0, 0], [0, ..., 0], ..., [0, 0, 215, 0, 0, 0, 0, 0, 0, 0, 0, 0, 215, 0, 0]]

flattened len 25209
[0, 0, 0, 0, 188, 188, 0, 0, 188, 0, 0, ..., 0, 0, 0, 0, 0, 0, 0, 0, 215, 0, 0]

---------------------------------
MC_higgs_flav

precut len 5317
[[0, 0, 0], [0, 0, ..., 0], ..., [0, 0, 4, 0, 0, 0, 0, 0, 0, 0, 0, 0, 4, 0, 0]]

flattened precut len 36733
[0, 0, 0, 0, 0, 0, 0, 0, 0, 0, 0, 0, 0, ..., 0, 0, 0, 0, 0, 0, 0, 0, 0, 4, 0, 0]

postcut len 2918
[[0, 0, 0], [0, 0, ..., 0], ..., [0, 0, 4, 0, 0, 0, 0, 0, 0, 0, 0, 0, 4, 0, 0]]

flattened len 25209
[0, 0, 0, 0, 4, 4, 0, 0, 4, 0, 0, 4, 0, ..., 0, 0, 0, 0, 0, 0, 0, 0, 0, 4, 0, 0]

---------------------------------
MC_higgs_valid

precut len 5317
[[False, False, False], ..., [False, True, True, True, ..., True, False, True]]

flattened precut len 36733
[False, False, False, False, False, False, ..., True, True, True, False, True]

postcut len 2918
[[False, False, False], ..., [False, True, True, True, ..., True, False, True]]

flattened len 25209
[False, False, False, False, True, True, ..., True, True, True, False, True]

---------------------------------
MC_vector_flav

precut len 5317
[[0, 0, 0], [0, 0, ..., 0], ..., [0, 0, 0, 0, 0, 0, 0, 0, 0, 0, 0, 0, 0, 0, 0]]

flattened precut len 36733
[0, 0, 0, 0, 0, 0, 0, 0, 0, 0, 0, 0, 0, ..., 0, 0, 0, 0, 0, 0, 0, 0, 0, 0, 0, 0]

postcut len 2918
[[0, 0, 0], [0, 0, ..., 0], ..., [0, 0, 0, 0, 0, 0, 0, 0, 0, 0, 0, 0, 0, 0, 0]]

flattened len 25209
[0, 0, 0, 0, 0, 0, 0, 0, 0, 0, 0, 0, 0, ..., 0, 0, 0, 0, 0, 0, 0, 0, 0, 0, 0, 0]

---------------------------------
MC_lepton_channel

precut len 5317
[[-1, -1, -1], ..., [-1, -1, -1, -1, -1, -1, -1, ..., -1, -1, -1, -1, -1, -1]]

flattened precut len 36733
[-1, -1, -1, -1, -1, -1, -1, -1, -1, ..., -1, -1, -1, -1, -1, -1, -1, -1, -1]

postcut len 2918
[[-1, -1, -1], ..., [-1, -1, -1, -1, -1, -1, -1, ..., -1, -1, -1, -1, -1, -1]]

flattened len 25209
[-1, -1, -1, -1, -1, -1, -1, -1, -1, ..., -1, -1, -1, -1, -1, -1, -1, -1, -1]

---------------------------------
MC_gendijet_pt

precut len 5317
[[107, 240, 150], ..., [45.7, 159, 229, 194, 164, ..., 73, 45.1, 68.5, 36.7]]

flattened precut len 36733
[107, 240, 150, 227, 243, 240, 52.6, ..., 200, 32.6, 70.7, 73, 45.1, 68.5, 36.7]

postcut len 2918
[[107, 240, 150], ..., [45.7, 159, 229, 194, 164, ..., 73, 45.1, 68.5, 36.7]]

flattened len 25209
[160, 44, 137, 152, 153, 84.3, 136, ..., 200, 32.6, 70.7, 73, 45.1, 68.5, 36.7]

---------------------------------
MC_gendijet_eta

precut len 5317
[[0.746, 0.00507, 0.146], ..., [-0.297, -1.01, 0.203, ..., 0.997, 0.583, -0.84]]

flattened precut len 36733
[0.746, 0.00507, 0.146, -0.478, -0.481, ..., -1.68, -1.7, 0.997, 0.583, -0.84]

postcut len 2918
[[0.746, 0.00507, 0.146], ..., [-0.297, -1.01, 0.203, ..., 0.997, 0.583, -0.84]]

flattened len 25209
[1.68, 2.78, 1.2, 1.18, 1.34, 1.18, ..., -1.68, -1.7, 0.997, 0.583, -0.84]

---------------------------------
MC_gendijet_phi

precut len 5317
[[-0.732, -0.575, -1.99], ..., [3.04, 2.28, 1.79, 2.21, ..., 1.1, 0.457, -1.67]]

flattened precut len 36733
[-0.732, -0.575, -1.99, -1.91, -1.88, ..., -2.06, -1.46, 1.1, 0.457, -1.67]

postcut len 2918
[[-0.732, -0.575, -1.99], ..., [3.04, 2.28, 1.79, 2.21, ..., 1.1, 0.457, -1.67]]

flattened len 25209
[0.577, 1.92, 1.43, 1.04, -1.37, -0.72, ..., -2.06, -1.46, 1.1, 0.457, -1.67]

---------------------------------
MC_gendijet_mass

precut len 5317
[[260, 164, 163], ..., [369, 282, 176, 112, 163, ..., 64.8, 104, 107, 45.2]]

flattened precut len 36733
[260, 164, 163, 202, 194, 63.3, 19.8, ..., 251, 69.6, 64.8, 104, 107, 45.2]

postcut len 2918
[[260, 164, 163], ..., [369, 282, 176, 112, 163, ..., 64.8, 104, 107, 45.2]]

flattened len 25209
[192, 266, 229, 191, 163, 194, 135, ..., 73.1, 251, 69.6, 64.8, 104, 107, 45.2]

---------------------------------
MC_genjet1_flav

precut len 5317
[[21, 21, 0], [...], ..., [-4, -4, -4, -4, -4, 5, 5, 5, 5, -3, -3, -3, 4, 4, 2]]

flattened precut len 36733
[21, 21, 0, 21, 21, 21, 0, 0, 21, 0, 0, ..., 5, 5, 5, 5, -3, -3, -3, 4, 4, 2]

postcut len 2918
[[21, 21, 0], [...], ..., [-4, -4, -4, -4, -4, 5, 5, 5, 5, -3, -3, -3, 4, 4, 2]]

flattened len 25209
[0, 0, 0, 0, -4, -4, -4, 21, 21, 21, -4, ..., 5, 5, 5, 5, -3, -3, -3, 4, 4, 2]

---------------------------------
MC_genjet2_flav

precut len 5317
[[0, 21, 21], [...], ..., [5, -3, 4, 2, -2, -3, 4, 2, -2, 4, 2, -2, 2, -2, -2]]

flattened precut len 36733
[0, 21, 21, 0, 21, 21, 21, 21, 21, -4, ..., -3, 4, 2, -2, 4, 2, -2, 2, -2, -2]

postcut len 2918
[[0, 21, 21], [...], ..., [5, -3, 4, 2, -2, -3, 4, 2, -2, 4, 2, -2, 2, -2, -2]]

flattened len 25209
[-4, 21, 21, 21, 21, 21, 21, 21, 21, 21, ..., -3, 4, 2, -2, 4, 2, -2, 2, -2, -2]

---------------------------------
MC_genjet1_matched

precut len 5317
[[True, True, True], ..., [True, True, True, True, ..., True, True, True, True]]

flattened precut len 36733
[True, True, True, True, True, True, ..., True, True, True, True, True, True]

postcut len 2918
[[True, True, True], ..., [True, True, True, True, ..., True, True, True, True]]

flattened len 25209
[True, True, True, True, True, True, ..., True, True, True, True, True, True]

---------------------------------
MC_genjet2_matched

precut len 5317
[[True, True, True], ..., [True, True, True, True, ..., True, True, True, True]]

flattened precut len 36733
[True, True, True, True, True, True, ..., True, True, True, True, True, True]

postcut len 2918
[[True, True, True], ..., [True, True, True, True, ..., True, True, True, True]]

flattened len 25209
[True, True, True, True, True, True, ..., True, True, True, True, True, True]

---------------------------------
MC_drqq

precut len 5317
[[0, 0, 0], [0, ...], ..., [0, 0, 1.49, 0, 0, 0, 0, 0, 0, 0, 0, 0, 1.49, 0, 0]]

flattened precut len 36733
[0, 0, 0, 0, 0, 0, 0, 0, 0, 0, 0, 0, ..., 0, 0, 0, 0, 0, 0, 0, 0, 0, 1.49, 0, 0]

postcut len 2918
[[0, 0, 0], [0, ...], ..., [0, 0, 1.49, 0, 0, 0, 0, 0, 0, 0, 0, 0, 1.49, 0, 0]]

flattened len 25209
[0, 0, 0, 0, 1.54, 1.54, 0, 0, 1.54, 0, 0, ..., 0, 0, 0, 0, 0, 0, 0, 1.49, 0, 0]

---------------------------------
MC_n_c

precut len 5317
[[0, 0, 0], [0, 0, ..., 0], ..., [2, 2, 2, 2, 2, 2, 2, 2, 2, 2, 2, 2, 2, 2, 2]]

flattened precut len 36733
[0, 0, 0, 0, 0, 0, 0, 0, 0, 1, 1, 1, 1, ..., 2, 2, 2, 2, 2, 2, 2, 2, 2, 2, 2, 2]

postcut len 2918
[[0, 0, 0], [0, 0, ..., 0], ..., [2, 2, 2, 2, 2, 2, 2, 2, 2, 2, 2, 2, 2, 2, 2]]

flattened len 25209
[1, 1, 1, 1, 1, 1, 1, 1, 1, 1, 2, 2, 2, ..., 2, 2, 2, 2, 2, 2, 2, 2, 2, 2, 2, 2]

---------------------------------
label_BB

precut len 5317
[[False, False, False], ..., [False, False, False, ..., False, False, False]]

flattened precut len 36733
[False, False, False, False, False, ..., False, False, False, False, False]

postcut len 2918
[[False, False, False], ..., [False, False, False, ..., False, False, False]]

flattened len 25209
[False, False, False, False, False, ..., False, False, False, False, False]

---------------------------------
label_CC

precut len 5317
[[False, False, False], ..., [False, False, True, ..., True, False, False]]

flattened precut len 36733
[False, False, False, False, False, ..., False, False, True, False, False]

postcut len 2918
[[False, False, False], ..., [False, False, True, ..., True, False, False]]

flattened len 25209
[False, False, False, False, True, True, ..., False, False, True, False, False]

---------------------------------
label_bb

precut len 5317
[[False, False, False], ..., [False, False, False, ..., False, False, False]]

flattened precut len 36733
[False, False, False, False, False, ..., False, False, False, False, False]

postcut len 2918
[[False, False, False], ..., [False, False, False, ..., False, False, False]]

flattened len 25209
[False, False, False, False, False, ..., False, False, False, False, False]

---------------------------------
label_bx

precut len 5317
[[False, False, False], ..., [True, False, False, ..., False, True, True]]

flattened precut len 36733
[False, False, False, False, False, False, ..., False, True, False, True, True]

postcut len 2918
[[False, False, False], ..., [True, False, False, ..., False, True, True]]

flattened len 25209
[False, False, False, False, False, False, ..., False, True, False, True, True]

---------------------------------
label_cx

precut len 5317
[[False, False, False], ..., [False, True, False, ..., False, False, False]]

flattened precut len 36733
[False, False, False, False, False, ..., False, False, False, False, False]

postcut len 2918
[[False, False, False], ..., [False, True, False, ..., False, False, False]]

flattened len 25209
[True, True, False, True, False, False, ..., False, False, False, False, False]

---------------------------------
label_ll

precut len 5317
[[True, True, True], ..., [False, False, False, ..., False, False, False]]

flattened precut len 36733
[True, True, True, True, True, True, ..., True, False, False, False, False]

postcut len 2918
[[True, True, True], ..., [False, False, False, ..., False, False, False]]

flattened len 25209
[False, False, True, False, False, False, ..., True, False, False, False, False]


** Written 25209 PAIReD jets to the output file in 7.92 seconds
** Computing time per PAIReD jet: 0.314 milliseconds
** Computing time per event: 1.321 milliseconds

*****************************************************************
  End makeNtuplesPAIReDjointMC()
*****************************************************************

