
*****************************************************************
  Start makeNtuplesPAIReDjointMC()
*****************************************************************

** Open input file: PFNano.root
** Create output file: PAIReD.root
** Create tree "tree" entitled "PAIReD jets for training" in output file
** Total number of events: 3000
** Process all events
** Batch size: 100 MB
** Physics process: 0
** PAIReD geometry: Ellipse

** Start processing data
process event batch 0
part [[[{phi: 1.44, eta: -2.08, pt: 10.5, charge: -1, ...}, ..., {...}], ...], ...]
---------------------------------
event

precut len 2541
[[2.67e+07, 2.67e+07, 2.67e+07], ..., [2.67e+07, 2.67e+07, ..., 2.67e+07]]

flattened precut len 15273
[2.67e+07, 2.67e+07, 2.67e+07, 2.67e+07, ..., 2.67e+07, 2.67e+07, 2.67e+07]

postcut len 1475
[[2.67e+07, 2.67e+07, 2.67e+07], ..., [2.67e+07, 2.67e+07, ..., 2.67e+07]]

flattened len 11030
[2.67e+07, 2.67e+07, 2.67e+07, 2.67e+07, ..., 2.67e+07, 2.67e+07, 2.67e+07]

---------------------------------
genweight

precut len 2541
[[1, 1, 1], [1, 1, 1, 1, 1, 1], ..., [1, 1, 1, ..., 1, 1], [1, 1, 1, 1, 1, 1]]

flattened precut len 15273
[1, 1, 1, 1, 1, 1, 1, 1, 1, 1, 1, 1, 1, ..., 1, 1, 1, 1, 1, 1, 1, 1, 1, 1, 1, 1]

postcut len 1475
[[1, 1, 1], [1, 1, 1, 1, 1, 1], ..., [1, 1, 1, ..., 1, 1], [1, 1, 1, 1, 1, 1]]

flattened len 11030
[1, 1, 1, 1, 1, 1, 1, 1, 1, 1, 1, 1, 1, ..., 1, 1, 1, 1, 1, 1, 1, 1, 1, 1, 1, 1]

---------------------------------
run

precut len 2541
[[1, 1, 1], [1, 1, 1, 1, 1, 1], ..., [1, 1, 1, ..., 1, 1], [1, 1, 1, 1, 1, 1]]

flattened precut len 15273
[1, 1, 1, 1, 1, 1, 1, 1, 1, 1, 1, 1, 1, ..., 1, 1, 1, 1, 1, 1, 1, 1, 1, 1, 1, 1]

postcut len 1475
[[1, 1, 1], [1, 1, 1, 1, 1, 1], ..., [1, 1, 1, ..., 1, 1], [1, 1, 1, 1, 1, 1]]

flattened len 11030
[1, 1, 1, 1, 1, 1, 1, 1, 1, 1, 1, 1, 1, ..., 1, 1, 1, 1, 1, 1, 1, 1, 1, 1, 1, 1]

---------------------------------
Pileup_nPU

precut len 2541
[[59, 59, 59], [62, 62, 62, 62, 62, 62], ..., [...], [66, 66, 66, 66, 66, 66]]

flattened precut len 15273
[59, 59, 59, 62, 62, 62, 62, 62, 62, ..., 54, 54, 54, 66, 66, 66, 66, 66, 66]

postcut len 1475
[[59, 59, 59], [62, 62, 62, 62, 62, 62], ..., [...], [66, 66, 66, 66, 66, 66]]

flattened len 11030
[59, 59, 59, 37, 37, 37, 37, 37, 37, ..., 65, 65, 65, 54, 54, 54, 54, 54, 54]

---------------------------------
pv_n

precut len 2541
[[44, 44, 44], [47, 47, 47, 47, 47, 47], ..., [...], [56, 56, 56, 56, 56, 56]]

flattened precut len 15273
[44, 44, 44, 47, 47, 47, 47, 47, 47, ..., 39, 39, 39, 56, 56, 56, 56, 56, 56]

postcut len 1475
[[44, 44, 44], [47, 47, 47, 47, 47, 47], ..., [...], [56, 56, 56, 56, 56, 56]]

flattened len 11030
[44, 44, 44, 30, 30, 30, 30, 30, 30, ..., 49, 49, 49, 39, 39, 39, 39, 39, 39]

---------------------------------
pv_ngood

precut len 2541
[[42, 42, 42], [44, 44, 44, 44, 44, 44], ..., [...], [52, 52, 52, 52, 52, 52]]

flattened precut len 15273
[42, 42, 42, 44, 44, 44, 44, 44, 44, ..., 37, 37, 37, 52, 52, 52, 52, 52, 52]

postcut len 1475
[[42, 42, 42], [44, 44, 44, 44, 44, 44], ..., [...], [52, 52, 52, 52, 52, 52]]

flattened len 11030
[42, 42, 42, 28, 28, 28, 28, 28, 28, ..., 45, 45, 45, 37, 37, 37, 37, 37, 37]

---------------------------------
fgrfcc

precut len 2541
[[28.4, 28.4, 28.4], [28.4, ...], ..., [35.4, 35.4, 35.4, 35.4, 35.4, 35.4]]

flattened precut len 15273
[28.4, 28.4, 28.4, 28.4, 28.4, 28.4, ..., 35.4, 35.4, 35.4, 35.4, 35.4, 35.4]

postcut len 1475
[[28.4, 28.4, 28.4], [28.4, ...], ..., [35.4, 35.4, 35.4, 35.4, 35.4, 35.4]]

flattened len 11030
[28.4, 28.4, 28.4, 19.9, 19.9, 19.9, ..., 26.2, 26.2, 26.2, 26.2, 26.2, 26.2]

---------------------------------
fgrfccpu

precut len 2541
[[27.6, 27.6, 27.6], [28.2, ...], ..., [33.1, 33.1, 33.1, 33.1, 33.1, 33.1]]

flattened precut len 15273
[27.6, 27.6, 27.6, 28.2, 28.2, 28.2, ..., 33.1, 33.1, 33.1, 33.1, 33.1, 33.1]

postcut len 1475
[[27.6, 27.6, 27.6], [28.2, ...], ..., [33.1, 33.1, 33.1, 33.1, 33.1, 33.1]]

flattened len 11030
[27.6, 27.6, 27.6, 17.3, 17.3, 17.3, ..., 20.1, 20.1, 20.1, 20.1, 20.1, 20.1]

---------------------------------
jet1

precut len 2541
[[{phi: 2.17, eta: -0.412, pt: 131, energy: 143, ...}, {...}, {...}], ...]

flattened precut len 15273
[{phi: 2.17, eta: -0.412, pt: 131, energy: 143, nparticles: 17, ...}, ...]

postcut len 1475
[[{phi: 2.17, eta: -0.412, pt: 131, energy: 143, ...}, {...}, {...}], ...]

flattened len 11030
[{phi: 2.17, eta: -0.412, pt: 131, energy: 143, nparticles: 17, ...}, ...]

---------------------------------
jet2

precut len 2541
[[{phi: 1.47, eta: -1.26, pt: 82.8, energy: 157, ...}, {...}, {...}], ...]

flattened precut len 15273
[{phi: 1.47, eta: -1.26, pt: 82.8, energy: 157, nparticles: 14, ...}, ...]

postcut len 1475
[[{phi: 1.47, eta: -1.26, pt: 82.8, energy: 157, ...}, {...}, {...}], ...]

flattened len 11030
[{phi: 1.47, eta: -1.26, pt: 82.8, energy: 157, nparticles: 14, ...}, ...]

---------------------------------
dijet

precut len 2541
[[{eta: -1.12, phi: 1.84, pt: 207, mass: 164, nparticles: 8, ...}, ...], ...]

flattened precut len 15273
[{eta: -1.12, phi: 1.84, pt: 207, mass: 164, nparticles: 8, ...}, ..., {...}]

postcut len 1475
[[{eta: -1.12, phi: 1.84, pt: 207, mass: 164, nparticles: 8, ...}, ...], ...]

flattened len 11030
[{eta: -1.12, phi: 1.84, pt: 207, mass: 164, nparticles: 8, ...}, ..., {...}]

---------------------------------
part

precut len 2541
[[[{phi: 1.44, eta: -2.08, pt: 10.5, charge: -1, ...}, ..., {...}], ...], ...]

flattened precut len 15273
[[{phi: 1.44, eta: -2.08, pt: 10.5, charge: -1, pid: -211, ...}, ...], ...]

postcut len 1475
[[[{phi: 1.44, eta: -2.08, pt: 10.5, charge: -1, ...}, ..., {...}], ...], ...]

flattened len 11030
[[{phi: 1.44, eta: -2.08, pt: 10.5, charge: -1, pid: -211, ...}, ...], ...]

---------------------------------
sv

precut len 2541
[[[], [], []], ..., [[{charge: 3, chi2: 1.22, dlen: 0.561, ...}], ..., [{...}]]]

flattened precut len 15273
[[], ..., [{charge: 3, chi2: 1.22, dlen: 0.561, dlenSig: 3.97, dxy: ..., ...}]]

postcut len 1475
[[[], [], []], ..., [[{charge: 3, chi2: 1.22, dlen: 0.561, ...}], ..., [{...}]]]

flattened len 11030
[[], ..., [{charge: -1, chi2: 2.62, dlen: 7.91, dlenSig: 216, ...}, ..., {...}]]

---------------------------------
MC_physics_process

precut len 2541
[[0, 0, 0], [0, 0, 0, 0, 0, 0], ..., [0, 0, 0, ..., 0, 0], [0, 0, 0, 0, 0, 0]]

flattened precut len 15273
[0, 0, 0, 0, 0, 0, 0, 0, 0, 0, 0, 0, 0, ..., 0, 0, 0, 0, 0, 0, 0, 0, 0, 0, 0, 0]

postcut len 1475
[[0, 0, 0], [0, 0, 0, 0, 0, 0], ..., [0, 0, 0, ..., 0, 0], [0, 0, 0, 0, 0, 0]]

flattened len 11030
[0, 0, 0, 0, 0, 0, 0, 0, 0, 0, 0, 0, 0, ..., 0, 0, 0, 0, 0, 0, 0, 0, 0, 0, 0, 0]

---------------------------------
MC_higgs_pt

precut len 2541
[[182, 182, 182], [0, 0, 0, 0, 0, 0], ..., [0, 356, ..., 0], [0, 0, 0, 0, 0, 0]]

flattened precut len 15273
[182, 182, 182, 0, 0, 0, 0, 0, 0, 0, 324, ..., 0, 0, 0, 0, 0, 0, 0, 0, 0, 0]

postcut len 1475
[[182, 182, 182], [0, 0, 0, 0, 0, 0], ..., [0, 356, ..., 0], [0, 0, 0, 0, 0, 0]]

flattened len 11030
[182, 182, 182, 0, 324, 324, 0, 0, 324, ..., 252, 0, 252, 0, 356, 0, 0, 0, 0]

---------------------------------
MC_higgs_eta

precut len 2541
[[-1.18, -1.18, -1.18], [0, 0, 0, 0, 0, 0], ..., [-0, -0, -0, -0, -0, -0]]

flattened precut len 15273
[-1.18, -1.18, -1.18, 0, 0, 0, 0, 0, 0, 0, ..., 0, 0, 0, -0, -0, -0, -0, -0, -0]

postcut len 1475
[[-1.18, -1.18, -1.18], [0, 0, 0, 0, 0, 0], ..., [-0, -0, -0, -0, -0, -0]]

flattened len 11030
[-1.18, -1.18, -1.18, 0, 0.436, 0.436, 0, 0, ..., 0.711, 0, 0.0321, 0, 0, 0, 0]

---------------------------------
MC_higgs_phi

precut len 2541
[[1.99, 1.99, 1.99], [0, 0, 0, 0, 0, 0], ..., [0, ..., 0], [0, 0, 0, 0, 0, 0]]

flattened precut len 15273
[1.99, 1.99, 1.99, 0, 0, 0, 0, 0, 0, 0, 2.45, ..., 0, 0, 0, 0, 0, 0, 0, 0, 0, 0]

postcut len 1475
[[1.99, 1.99, 1.99], [0, 0, 0, 0, 0, 0], ..., [0, ..., 0], [0, 0, 0, 0, 0, 0]]

flattened len 11030
[1.99, 1.99, 1.99, 0, 2.45, 2.45, 0, 0, ..., 0, -2.73, 0, 0.783, 0, 0, 0, 0]

---------------------------------
MC_higgs_mass

precut len 2541
[[174, 174, 174], [0, 0, 0, 0, 0, 0], ..., [0, 133, ..., 0], [0, 0, 0, 0, 0, 0]]

flattened precut len 15273
[174, 174, 174, 0, 0, 0, 0, 0, 0, 0, 174, ..., 0, 0, 0, 0, 0, 0, 0, 0, 0, 0]

postcut len 1475
[[174, 174, 174], [0, 0, 0, 0, 0, 0], ..., [0, 133, ..., 0], [0, 0, 0, 0, 0, 0]]

flattened len 11030
[174, 174, 174, 0, 174, 174, 0, 0, 174, ..., 133, 0, 133, 0, 133, 0, 0, 0, 0]

---------------------------------
MC_higgs_flav

precut len 2541
[[4, 4, 4], [0, 0, 0, 0, 0, 0], ..., [0, 5, 0, ..., 0, 0], [0, 0, 0, 0, 0, 0]]

flattened precut len 15273
[4, 4, 4, 0, 0, 0, 0, 0, 0, 0, 4, 4, 0, ..., 0, 5, 0, 0, 0, 0, 0, 0, 0, 0, 0, 0]

postcut len 1475
[[4, 4, 4], [0, 0, 0, 0, 0, 0], ..., [0, 5, 0, ..., 0, 0], [0, 0, 0, 0, 0, 0]]

flattened len 11030
[4, 4, 4, 0, 4, 4, 0, 0, 4, 3, 3, 3, 0, ..., 0, 0, 0, 4, 0, 4, 0, 5, 0, 0, 0, 0]

---------------------------------
MC_higgs_valid

precut len 2541
[[True, True, True], [...], ..., [False, False, False, False, False, False]]

flattened precut len 15273
[True, True, True, False, False, False, ..., False, False, False, False, False]

postcut len 1475
[[True, True, True], [...], ..., [False, False, False, False, False, False]]

flattened len 11030
[True, True, True, False, True, True, ..., True, False, False, False, False]

---------------------------------
MC_vector_flav

precut len 2541
[[0, 0, 0], [0, 0, 0, 0, 0, 0], ..., [0, 0, 0, ..., 0, 0], [0, 0, 0, 0, 0, 0]]

flattened precut len 15273
[0, 0, 0, 0, 0, 0, 0, 0, 0, 0, 0, 0, 0, ..., 0, 0, 0, 0, 0, 0, 0, 0, 0, 0, 0, 0]

postcut len 1475
[[0, 0, 0], [0, 0, 0, 0, 0, 0], ..., [0, 0, 0, ..., 0, 0], [0, 0, 0, 0, 0, 0]]

flattened len 11030
[0, 0, 0, 0, 0, 0, 0, 0, 0, 0, 0, 0, 0, ..., 0, 0, 0, 0, 0, 0, 0, 0, 0, 0, 0, 0]

---------------------------------
MC_lepton_channel

precut len 2541
[[-1, -1, -1], [-1, -1, -1, -1, -1, -1], ..., [...], [-1, -1, -1, -1, -1, -1]]

flattened precut len 15273
[-1, -1, -1, -1, -1, -1, -1, -1, -1, ..., -1, -1, -1, -1, -1, -1, -1, -1, -1]

postcut len 1475
[[-1, -1, -1], [-1, -1, -1, -1, -1, -1], ..., [...], [-1, -1, -1, -1, -1, -1]]

flattened len 11030
[-1, -1, -1, -1, -1, -1, -1, -1, -1, ..., -1, -1, -1, -1, -1, -1, -1, -1, -1]

---------------------------------
MC_gendijet_pt

precut len 2541
[[216, 179, 139], [242, 252, ..., 139], ..., [51, 202, 275, 251, 191, 18.1]]

flattened precut len 15273
[216, 179, 139, 242, 252, 204, 181, ..., 89.9, 51, 202, 275, 251, 191, 18.1]

postcut len 1475
[[216, 179, 139], [242, 252, ..., 139], ..., [51, 202, 275, 251, 191, 18.1]]

flattened len 11030
[216, 179, 139, 123, 337, 307, 201, ..., 205, 79.6, 286, 287, 300, 298, 89.9]

---------------------------------
MC_gendijet_eta

precut len 2541
[[-0.852, -1.19, -1.66], [...], ..., [-4.1, -1.71, -1.32, -2.27, -2.49, -2.82]]

flattened precut len 15273
[-0.852, -1.19, -1.66, 1.13, 0.201, ..., -1.71, -1.32, -2.27, -2.49, -2.82]

postcut len 1475
[[-0.852, -1.19, -1.66], [...], ..., [-4.1, -1.71, -1.32, -2.27, -2.49, -2.82]]

flattened len 11030
[-0.852, -1.19, -1.66, 2.07, 0.47, ..., -0.304, 0.22, -0.863, -0.454, -1.18]

---------------------------------
MC_gendijet_phi

precut len 2541
[[1.91, 1.99, 1.48], [...], ..., [-1.27, -0.329, -0.714, 2.53, 2.99, 2.35]]

flattened precut len 15273
[1.91, 1.99, 1.48, 0.922, 0.763, 0.777, ..., -0.329, -0.714, 2.53, 2.99, 2.35]

postcut len 1475
[[1.91, 1.99, 1.48], [...], ..., [-1.27, -0.329, -0.714, 2.53, 2.99, 2.35]]

flattened len 11030
[1.91, 1.99, 1.48, 1.15, 2.52, 2.44, ..., 0.56, 0.714, -2.42, -2.56, -1.58]

---------------------------------
MC_gendijet_mass

precut len 2541
[[128, 174, 66.6], [168, 124, ..., 43.5], ..., [508, 235, 124, 175, 254, 120]]

flattened precut len 15273
[128, 174, 66.6, 168, 124, 53.5, 240, ..., 100, 508, 235, 124, 175, 254, 120]

postcut len 1475
[[128, 174, 66.6], [168, 124, ..., 43.5], ..., [508, 235, 124, 175, 254, 120]]

flattened len 11030
[128, 174, 66.6, 550, 163, 154, 320, ..., 869, 621, 371, 195, 213, 105, 100]

---------------------------------
MC_genjet1_flav

precut len 2541
[[4, 4, 21], [-1, -1, -1, 1, 1, 21], ..., [-5, ..., 21], [2, 2, 2, 21, 21, 21]]

flattened precut len 15273
[4, 4, 21, -1, -1, -1, 1, 1, 21, 4, 4, ..., -5, -4, -4, 21, 2, 2, 2, 21, 21, 21]

postcut len 1475
[[4, 4, 21], [-1, -1, -1, 1, 1, 21], ..., [-5, ..., 21], [2, 2, 2, 21, 21, 21]]

flattened len 11030
[4, 4, 21, 4, 4, 4, 0, 0, 21, 3, 3, ..., 1, 3, 4, 4, 21, -5, -5, -5, -4, -4, 21]

---------------------------------
MC_genjet2_flav

precut len 2541
[[21, -4, -4], [1, 21, 4, 21, 4, 4], ..., [-4, ...], [21, 21, -2, 21, -2, -2]]

flattened precut len 15273
[21, -4, -4, 1, 21, 4, 21, 4, 4, 0, ..., 21, 21, 21, 21, 21, 21, -2, 21, -2, -2]

postcut len 1475
[[21, -4, -4], [1, 21, 4, 21, 4, 4], ..., [-4, ...], [21, 21, -2, 21, -2, -2]]

flattened len 11030
[21, -4, -4, 0, 21, -4, 21, -4, -4, -3, ..., 21, 21, 21, -4, 21, 21, 21, 21, 21]

---------------------------------
MC_genjet1_matched

precut len 2541
[[True, True, True], [True, ...], ..., [True, True, True, True, True, True]]

flattened precut len 15273
[True, True, True, True, True, True, ..., True, True, True, True, True, True]

postcut len 1475
[[True, True, True], [True, ...], ..., [True, True, True, True, True, True]]

flattened len 11030
[True, True, True, True, True, True, ..., True, True, True, True, True, True]

---------------------------------
MC_genjet2_matched

precut len 2541
[[True, True, True], [True, ...], ..., [True, True, True, True, True, True]]

flattened precut len 15273
[True, True, True, True, True, True, ..., True, True, True, True, True, True]

postcut len 1475
[[True, True, True], [True, ...], ..., [True, True, True, True, True, True]]

flattened len 11030
[True, True, True, True, True, True, ..., True, True, True, True, True, True]

---------------------------------
MC_drqq

precut len 2541
[[1.85, 1.85, 1.85], [0, 0, 0, 0, 0, 0], ..., [0, ..., 0], [0, 0, 0, 0, 0, 0]]

flattened precut len 15273
[1.85, 1.85, 1.85, 0, 0, 0, 0, 0, 0, 0, 1.41, ..., 0, 0, 0, 0, 0, 0, 0, 0, 0, 0]

postcut len 1475
[[1.85, 1.85, 1.85], [0, 0, 0, 0, 0, 0], ..., [0, ..., 0], [0, 0, 0, 0, 0, 0]]

flattened len 11030
[1.85, 1.85, 1.85, 0, 1.41, 1.41, 0, 0, 1.41, ..., 0, 1.48, 0, 1.08, 0, 0, 0, 0]

---------------------------------
MC_n_c

precut len 2541
[[2, 2, 2], [1, 1, 1, 1, 1, 1], ..., [1, 1, 1, ..., 1, 1], [0, 0, 0, 0, 0, 0]]

flattened precut len 15273
[2, 2, 2, 1, 1, 1, 1, 1, 1, 2, 2, 2, 2, ..., 1, 1, 1, 1, 1, 1, 0, 0, 0, 0, 0, 0]

postcut len 1475
[[2, 2, 2], [1, 1, 1, 1, 1, 1], ..., [1, 1, 1, ..., 1, 1], [0, 0, 0, 0, 0, 0]]

flattened len 11030
[2, 2, 2, 2, 2, 2, 2, 2, 2, 0, 0, 0, 0, ..., 0, 0, 0, 1, 1, 1, 1, 1, 1, 1, 1, 1]

---------------------------------
label_BB

precut len 2541
[[False, False, False], [...], ..., [False, False, False, False, False, False]]

flattened precut len 15273
[False, False, False, False, False, ..., False, False, False, False, False]

postcut len 1475
[[False, False, False], [...], ..., [False, False, False, False, False, False]]

flattened len 11030
[False, False, False, False, False, ..., True, False, False, False, False]

---------------------------------
label_CC

precut len 2541
[[True, True, True], [...], ..., [False, False, False, False, False, False]]

flattened precut len 15273
[True, True, True, False, False, False, ..., False, False, False, False, False]

postcut len 1475
[[True, True, True], [...], ..., [False, False, False, False, False, False]]

flattened len 11030
[True, True, True, False, True, True, ..., False, False, False, False, False]

---------------------------------
label_bb

precut len 2541
[[False, False, False], [...], ..., [False, False, False, False, False, False]]

flattened precut len 15273
[False, False, False, False, False, ..., False, False, False, False, False]

postcut len 1475
[[False, False, False], [...], ..., [False, False, False, False, False, False]]

flattened len 11030
[False, False, False, False, False, ..., False, True, False, False, False]

---------------------------------
label_bx

precut len 2541
[[False, False, False], [...], ..., [False, False, False, False, False, False]]

flattened precut len 15273
[False, False, False, False, False, ..., False, False, False, False, False]

postcut len 1475
[[False, False, False], [...], ..., [False, False, False, False, False, False]]

flattened len 11030
[False, False, False, False, False, ..., False, False, False, False, False]

---------------------------------
label_cx

precut len 2541
[[False, False, False], [...], ..., [False, False, False, False, False, False]]

flattened precut len 15273
[False, False, False, False, False, ..., False, False, False, False, False]

postcut len 1475
[[False, False, False], [...], ..., [False, False, False, False, False, False]]

flattened len 11030
[False, False, False, True, False, False, ..., False, False, True, True, True]

---------------------------------
label_ll

precut len 2541
[[False, False, False], [True, ...], ..., [True, True, True, True, True, True]]

flattened precut len 15273
[False, False, False, True, True, True, ..., True, True, True, True, True, True]

postcut len 1475
[[False, False, False], [True, ...], ..., [True, True, True, True, True, True]]

flattened len 11030
[False, False, False, False, False, ..., False, False, False, False, False]


** Written 11030 PAIReD jets to the output file in 5.50 seconds
** Computing time per PAIReD jet: 0.499 milliseconds
** Computing time per event: 1.833 milliseconds

*****************************************************************
  End makeNtuplesPAIReDjointMC()
*****************************************************************

