
*****************************************************************
  Start makeNtuplesPAIReDjointMC()
*****************************************************************

** Open input file: PFNano.root
** Create output file: PAIReD.root
** Create tree "tree" entitled "PAIReD jets for training" in output file
** Total number of events: 3000
** Process all events
** Batch size: 100 MB
** Physics process: 0
** PAIReD geometry: Ellipse

** Start processing data
process event batch 0
part [[[{phi: -0.223, eta: 0.947, pt: 12.6, charge: 1, ...}, ..., {...}], ...], ...]
---------------------------------
event

precut len 2607
[[2.52e+07, 2.52e+07, 2.52e+07, 2.52e+07, 2.52e+07, 2.52e+07], ..., [...]]

flattened precut len 16942
[2.52e+07, 2.52e+07, 2.52e+07, 2.52e+07, ..., 2.57e+07, 2.57e+07, 2.57e+07]

postcut len 1454
[[2.52e+07, 2.52e+07, 2.52e+07, 2.52e+07, 2.52e+07, 2.52e+07], ..., [...]]

flattened len 11770
[2.52e+07, 2.52e+07, 2.52e+07, 2.52e+07, ..., 2.57e+07, 2.57e+07, 2.57e+07]

---------------------------------
genweight

precut len 2607
[[1, 1, 1, 1, 1, 1], [1], [1], ..., [1, 1, 1, 1, 1, 1, 1, 1, 1, 1], [1, 1, 1]]

flattened precut len 16942
[1, 1, 1, 1, 1, 1, 1, 1, 1, 1, 1, 1, 1, ..., 1, 1, 1, 1, 1, 1, 1, 1, 1, 1, 1, 1]

postcut len 1454
[[1, 1, 1, 1, 1, 1], [1], [1], ..., [1, 1, 1, 1, 1, 1, 1, 1, 1, 1], [1, 1, 1]]

flattened len 11770
[1, 1, 1, 1, 1, 1, 1, 1, 1, 1, 1, 1, 1, ..., 1, 1, 1, 1, 1, 1, 1, 1, 1, 1, 1, 1]

---------------------------------
run

precut len 2607
[[1, 1, 1, 1, 1, 1], [1], [1], ..., [1, 1, 1, 1, 1, 1, 1, 1, 1, 1], [1, 1, 1]]

flattened precut len 16942
[1, 1, 1, 1, 1, 1, 1, 1, 1, 1, 1, 1, 1, ..., 1, 1, 1, 1, 1, 1, 1, 1, 1, 1, 1, 1]

postcut len 1454
[[1, 1, 1, 1, 1, 1], [1], [1], ..., [1, 1, 1, 1, 1, 1, 1, 1, 1, 1], [1, 1, 1]]

flattened len 11770
[1, 1, 1, 1, 1, 1, 1, 1, 1, 1, 1, 1, 1, ..., 1, 1, 1, 1, 1, 1, 1, 1, 1, 1, 1, 1]

---------------------------------
Pileup_nPU

precut len 2607
[[44, 44, 44, 44, 44, 44], [52], ..., [56, 56, 56, ..., 56, 56], [77, 77, 77]]

flattened precut len 16942
[44, 44, 44, 44, 44, 44, 52, 40, 40, ..., 56, 56, 56, 56, 56, 56, 77, 77, 77]

postcut len 1454
[[44, 44, 44, 44, 44, 44], [52], ..., [56, 56, 56, ..., 56, 56], [77, 77, 77]]

flattened len 11770
[40, 46, 39, 39, 39, 41, 41, 41, 41, ..., 56, 56, 56, 56, 56, 56, 56, 56, 56]

---------------------------------
pv_n

precut len 2607
[[36, 36, 36, 36, 36, 36], [38], ..., [48, 48, 48, ..., 48, 48], [55, 55, 55]]

flattened precut len 16942
[36, 36, 36, 36, 36, 36, 38, 39, 33, ..., 48, 48, 48, 48, 48, 48, 55, 55, 55]

postcut len 1454
[[36, 36, 36, 36, 36, 36], [38], ..., [48, 48, 48, ..., 48, 48], [55, 55, 55]]

flattened len 11770
[39, 37, 28, 28, 28, 32, 32, 32, 32, ..., 48, 48, 48, 48, 48, 48, 48, 48, 48]

---------------------------------
pv_ngood

precut len 2607
[[34, 34, 34, 34, 34, 34], [36], ..., [46, 46, 46, ..., 46, 46], [51, 51, 51]]

flattened precut len 16942
[34, 34, 34, 34, 34, 34, 36, 36, 32, ..., 46, 46, 46, 46, 46, 46, 51, 51, 51]

postcut len 1454
[[34, 34, 34, 34, 34, 34], [36], ..., [46, 46, 46, ..., 46, 46], [51, 51, 51]]

flattened len 11770
[36, 31, 27, 27, 27, 30, 30, 30, 30, ..., 46, 46, 46, 46, 46, 46, 46, 46, 46]

---------------------------------
fgrfcc

precut len 2607
[[19.7, 19.7, 19.7, 19.7, 19.7, 19.7], [26.5], ..., [...], [30.9, 30.9, 30.9]]

flattened precut len 16942
[19.7, 19.7, 19.7, 19.7, 19.7, 19.7, ..., 26.5, 26.5, 26.5, 30.9, 30.9, 30.9]

postcut len 1454
[[19.7, 19.7, 19.7, 19.7, 19.7, 19.7], [26.5], ..., [...], [30.9, 30.9, 30.9]]

flattened len 11770
[24.7, 22.1, 20.6, 20.6, 20.6, 22.7, ..., 26.5, 26.5, 26.5, 26.5, 26.5, 26.5]

---------------------------------
fgrfccpu

precut len 2607
[[19.9, 19.9, 19.9, 19.9, 19.9, 19.9], [28], ..., [...], [27.5, 27.5, 27.5]]

flattened precut len 16942
[19.9, 19.9, 19.9, 19.9, 19.9, 19.9, ..., 28.6, 28.6, 28.6, 27.5, 27.5, 27.5]

postcut len 1454
[[19.9, 19.9, 19.9, 19.9, 19.9, 19.9], [28], ..., [...], [27.5, 27.5, 27.5]]

flattened len 11770
[20.6, 17.2, 18.3, 18.3, 18.3, 21.1, ..., 28.6, 28.6, 28.6, 28.6, 28.6, 28.6]

---------------------------------
jet1

precut len 2607
[[{phi: 3.04, eta: -0.219, pt: 311, energy: 322, ...}, {...}, ..., {...}], ...]

flattened precut len 16942
[{phi: 3.04, eta: -0.219, pt: 311, energy: 322, nparticles: 23, ...}, ...]

postcut len 1454
[[{phi: 3.04, eta: -0.219, pt: 311, energy: 322, ...}, {...}, ..., {...}], ...]

flattened len 11770
[{phi: 3.13, eta: 1.87, pt: 256, energy: 851, nparticles: 25, ...}, ..., {...}]

---------------------------------
jet2

precut len 2607
[[{phi: 0.411, eta: 0.825, pt: 138, energy: 188, ...}, {...}, ..., {...}], ...]

flattened precut len 16942
[{phi: 0.411, eta: 0.825, pt: 138, energy: 188, nparticles: 12, ...}, ...]

postcut len 1454
[[{phi: 0.411, eta: 0.825, pt: 138, energy: 188, ...}, {...}, ..., {...}], ...]

flattened len 11770
[{phi: -1.72, eta: -0.276, pt: 34.9, energy: 36.6, nparticles: 12, ...}, ...]

---------------------------------
dijet

precut len 2607
[[{eta: 0.696, phi: 2.62, pt: 141, mass: 507, nparticles: 11, ...}, ...], ...]

flattened precut len 16942
[{eta: 0.696, phi: 2.62, pt: 141, mass: 507, nparticles: 11, ...}, ..., {...}]

postcut len 1454
[[{eta: 0.696, phi: 2.62, pt: 141, mass: 507, nparticles: 11, ...}, ...], ...]

flattened len 11770
[{eta: 1.83, phi: -2.99, pt: 242, mass: 256, nparticles: 5, ...}, ..., {...}]

---------------------------------
part

precut len 2607
[[[{phi: -0.223, eta: 0.947, pt: 12.6, charge: 1, ...}, ..., {...}], ...], ...]

flattened precut len 16942
[[{phi: -0.223, eta: 0.947, pt: 12.6, charge: 1, pid: 211, ...}, ...], ...]

postcut len 1454
[[[{phi: -0.223, eta: 0.947, pt: 12.6, charge: 1, ...}, ..., {...}], ...], ...]

flattened len 11770
[[{phi: -2.58, eta: 1.79, pt: 6.05, charge: 0, pid: 130, ...}, ..., {...}], ...]

---------------------------------
sv

precut len 2607
[[[], [], [], [], [], []], ..., [[{charge: -2, chi2: -28.8, ...}, ...], ...]]

flattened precut len 16942
[[], [], ..., [{charge: -1, chi2: 3.51, dlen: 0.927, dlenSig: 20.1, ...}, ...]]

postcut len 1454
[[[], [], [], [], [], []], ..., [[{charge: -2, chi2: -28.8, ...}, ...], ...]]

flattened len 11770
[[{charge: 1, chi2: 6.41, dlen: 10.4, dlenSig: 33.8, dxy: 3.17, ...}, ...], ...]

---------------------------------
MC_physics_process

precut len 2607
[[0, 0, 0, 0, 0, 0], [0], [0], ..., [0, 0, 0, 0, 0, 0, 0, 0, 0, 0], [0, 0, 0]]

flattened precut len 16942
[0, 0, 0, 0, 0, 0, 0, 0, 0, 0, 0, 0, 0, ..., 0, 0, 0, 0, 0, 0, 0, 0, 0, 0, 0, 0]

postcut len 1454
[[0, 0, 0, 0, 0, 0], [0], [0], ..., [0, 0, 0, 0, 0, 0, 0, 0, 0, 0], [0, 0, 0]]

flattened len 11770
[0, 0, 0, 0, 0, 0, 0, 0, 0, 0, 0, 0, 0, ..., 0, 0, 0, 0, 0, 0, 0, 0, 0, 0, 0, 0]

---------------------------------
MC_higgs_pt

precut len 2607
[[0, 0, 0, 0, 0, 0], [0], [242], ..., [0, 0, 0, 0, 0, 0, 0, 0, 0, 0], [0, 0, 0]]

flattened precut len 16942
[0, 0, 0, 0, 0, 0, 0, 242, 0, 0, 0, 0, ..., 0, 0, 0, 0, 0, 0, 0, 0, 0, 0, 0, 0]

postcut len 1454
[[0, 0, 0, 0, 0, 0], [0], [242], ..., [0, 0, 0, 0, 0, 0, 0, 0, 0, 0], [0, 0, 0]]

flattened len 11770
[242, 295, 0, 0, 183, 0, 0, 271, 0, 0, 0, ..., 0, 0, 0, 0, 0, 0, 0, 0, 0, 0]

---------------------------------
MC_higgs_eta

precut len 2607
[[0, 0, 0, 0, 0, 0], [-0], ..., [0, 0, 0, 0, 0, 0, 0, 0, 0, 0], [0, 0, 0]]

flattened precut len 16942
[0, 0, 0, 0, 0, 0, -0, 1.86, 0, 0, 0, 0, ..., 0, 0, 0, 0, 0, 0, 0, 0, 0, 0, 0]

postcut len 1454
[[0, 0, 0, 0, 0, 0], [-0], ..., [0, 0, 0, 0, 0, 0, 0, 0, 0, 0], [0, 0, 0]]

flattened len 11770
[1.86, -0.154, 0, 0, -0.902, 0, 0, 0.201, 0, 0, ..., 0, 0, 0, 0, 0, 0, 0, 0, 0]

---------------------------------
MC_higgs_phi

precut len 2607
[[0, 0, 0, 0, 0, 0], [0], ..., [0, 0, 0, 0, 0, 0, 0, 0, 0, 0], [0, 0, 0]]

flattened precut len 16942
[0, 0, 0, 0, 0, 0, 0, -3.1, 0, 0, 0, 0, ..., 0, 0, 0, 0, 0, 0, 0, 0, 0, 0, 0, 0]

postcut len 1454
[[0, 0, 0, 0, 0, 0], [0], ..., [0, 0, 0, 0, 0, 0, 0, 0, 0, 0], [0, 0, 0]]

flattened len 11770
[-3.1, 1.82, 0, 0, 2.16, 0, 0, 1.59, 0, 0, 0, ..., 0, 0, 0, 0, 0, 0, 0, 0, 0, 0]

---------------------------------
MC_higgs_mass

precut len 2607
[[0, 0, 0, 0, 0, 0], [0], [47], ..., [0, 0, 0, 0, 0, 0, 0, 0, 0, 0], [0, 0, 0]]

flattened precut len 16942
[0, 0, 0, 0, 0, 0, 0, 47, 0, 0, 0, 0, ..., 0, 0, 0, 0, 0, 0, 0, 0, 0, 0, 0, 0]

postcut len 1454
[[0, 0, 0, 0, 0, 0], [0], [47], ..., [0, 0, 0, 0, 0, 0, 0, 0, 0, 0], [0, 0, 0]]

flattened len 11770
[47, 46.9, 0, 0, 47, 0, 0, 47, 0, 0, 0, ..., 164, 0, 0, 0, 0, 0, 0, 0, 0, 0, 0]

---------------------------------
MC_higgs_flav

precut len 2607
[[0, 0, 0, 0, 0, 0], [0], [4], ..., [0, 0, 0, 0, 0, 0, 0, 0, 0, 0], [0, 0, 0]]

flattened precut len 16942
[0, 0, 0, 0, 0, 0, 0, 4, 0, 0, 0, 0, 0, ..., 0, 0, 0, 0, 0, 0, 0, 0, 0, 0, 0, 0]

postcut len 1454
[[0, 0, 0, 0, 0, 0], [0], [4], ..., [0, 0, 0, 0, 0, 0, 0, 0, 0, 0], [0, 0, 0]]

flattened len 11770
[4, 3, 0, 0, 3, 0, 0, 3, 0, 0, 0, 0, 0, ..., 0, 5, 0, 0, 0, 0, 0, 0, 0, 0, 0, 0]

---------------------------------
MC_higgs_valid

precut len 2607
[[False, False, False, False, False, False], ..., [False, False, False]]

flattened precut len 16942
[False, False, False, False, False, ..., False, True, False, False, False]

postcut len 1454
[[False, False, False, False, False, False], ..., [False, False, False]]

flattened len 11770
[True, True, False, False, True, False, ..., True, True, False, False, True]

---------------------------------
MC_vector_flav

precut len 2607
[[0, 0, 0, 0, 0, 0], [0], [0], ..., [0, 0, 0, 0, 0, 0, 0, 0, 0, 0], [0, 0, 0]]

flattened precut len 16942
[0, 0, 0, 0, 0, 0, 0, 0, 0, 0, 0, 0, 0, ..., 0, 0, 0, 0, 0, 0, 0, 0, 0, 0, 0, 0]

postcut len 1454
[[0, 0, 0, 0, 0, 0], [0], [0], ..., [0, 0, 0, 0, 0, 0, 0, 0, 0, 0], [0, 0, 0]]

flattened len 11770
[0, 0, 0, 0, 0, 0, 0, 0, 0, 0, 0, 0, 0, ..., 0, 0, 0, 0, 0, 0, 0, 0, 0, 0, 0, 0]

---------------------------------
MC_lepton_channel

precut len 2607
[[-1, -1, -1, -1, -1, -1], [-1], ..., [-1, -1, -1, ..., -1, -1], [-1, -1, -1]]

flattened precut len 16942
[-1, -1, -1, -1, -1, -1, -1, -1, -1, ..., -1, -1, -1, -1, -1, -1, -1, -1, -1]

postcut len 1454
[[-1, -1, -1, -1, -1, -1], [-1], ..., [-1, -1, -1, ..., -1, -1], [-1, -1, -1]]

flattened len 11770
[-1, -1, -1, -1, -1, -1, -1, -1, -1, ..., -1, -1, -1, -1, -1, -1, -1, -1, -1]

---------------------------------
MC_gendijet_pt

precut len 2607
[[212, 253, 314, 152, 86.6, 57.6], [126], ..., [25.2, ...], [286, 220, 110]]

flattened precut len 16942
[212, 253, 314, 152, 86.6, 57.6, 126, ..., 144, 18.9, 41, 59.9, 286, 220, 110]

postcut len 1454
[[212, 253, 314, 152, 86.6, 57.6], [126], ..., [25.2, ...], [286, 220, 110]]

flattened len 11770
[198, 246, 80, 197, 231, 109, 207, 336, ..., 97, 75.7, 136, 144, 18.9, 41, 59.9]

---------------------------------
MC_gendijet_eta

precut len 2607
[[0.156, -0.0507, -0.186, 0.899, 1.06, 0.96], [-1.68], ..., [1.3, 1.27, -0.43]]

flattened precut len 16942
[0.156, -0.0507, -0.186, 0.899, 1.06, 0.96, ..., 2.09, 1.89, 1.3, 1.27, -0.43]

postcut len 1454
[[0.156, -0.0507, -0.186, 0.899, 1.06, 0.96], [-1.68], ..., [1.3, 1.27, -0.43]]

flattened len 11770
[1.82, 0.196, -1.39, -0.914, -1.38, 0.921, ..., 0.662, 0.628, 2.86, 2.09, 1.89]

---------------------------------
MC_gendijet_phi

precut len 2607
[[2.77, 3.05, -3.12, 0.226, 0.075, -0.981], [3], ..., [...], [2.87, 2.83, 1.96]]

flattened precut len 16942
[2.77, 3.05, -3.12, 0.226, 0.075, -0.981, ..., -3.09, -1.59, 2.87, 2.83, 1.96]

postcut len 1454
[[2.77, 3.05, -3.12, 0.226, 0.075, -0.981], [3], ..., [...], [2.87, 2.83, 1.96]]

flattened len 11770
[-3.01, 2.51, -0.243, -0.855, 2.3, 2.13, ..., -1.35, -1.54, 2.64, -3.09, -1.59]

---------------------------------
MC_gendijet_mass

precut len 2607
[[409, 290, 153, 47.8, 132, 77.6], [176], ..., [240, ...], [167, 425, 141]]

flattened precut len 16942
[409, 290, 153, 47.8, 132, 77.6, 176, ..., 127, 73.9, 73.9, 30.6, 167, 425, 141]

postcut len 1454
[[409, 290, 153, 47.8, 132, 77.6], [176], ..., [240, ...], [167, 425, 141]]

flattened len 11770
[255, 448, 491, 415, 163, 454, 473, ..., 192, 162, 130, 127, 73.9, 73.9, 30.6]

---------------------------------
MC_genjet1_flav

precut len 2607
[[2, 2, 2, 2, 2, -2], [0], ..., [0, 0, 0, 0, ..., -5, 0, 0, 1], [21, 21, -4]]

flattened precut len 16942
[2, 2, 2, 2, 2, -2, 0, 4, 21, 21, 21, ..., 0, -5, -5, -5, 0, 0, 1, 21, 21, -4]

postcut len 1454
[[2, 2, 2, 2, 2, -2], [0], ..., [0, 0, 0, 0, ..., -5, 0, 0, 1], [21, 21, -4]]

flattened len 11770
[4, 3, 5, 5, -3, 3, 3, 3, 3, -2, -2, ..., 5, 0, 0, 0, 0, -5, -5, -5, 0, 0, 1]

---------------------------------
MC_genjet2_flav

precut len 2607
[[2, -2, 4, -2, 4, 4], [0], ..., [-5, 0, 1, 21, ..., 21, 1, 21, 21], [-4, 4, 4]]

flattened precut len 16942
[2, -2, 4, -2, 4, 4, 0, 21, 21, -3, 21, ..., 21, 0, 1, 21, 1, 21, 21, -4, 4, 4]

postcut len 1454
[[2, -2, 4, -2, 4, 4], [0], ..., [-5, 0, 1, 21, ..., 21, 1, 21, 21], [-4, 4, 4]]

flattened len 11770
[21, 2, -3, 1, 1, -2, -1, -1, 2, -1, -1, ..., -5, 0, 1, 21, 0, 1, 21, 1, 21, 21]

---------------------------------
MC_genjet1_matched

precut len 2607
[[True, True, True, True, True, True], [True], ..., [...], [True, True, True]]

flattened precut len 16942
[True, True, True, True, True, True, ..., True, True, True, True, True, True]

postcut len 1454
[[True, True, True, True, True, True], [True], ..., [...], [True, True, True]]

flattened len 11770
[True, True, True, True, True, True, ..., True, True, True, True, True, True]

---------------------------------
MC_genjet2_matched

precut len 2607
[[True, True, True, True, True, True], [True], ..., [...], [True, True, True]]

flattened precut len 16942
[True, True, True, True, True, True, ..., True, True, True, True, True, True]

postcut len 1454
[[True, True, True, True, True, True], [True], ..., [...], [True, True, True]]

flattened len 11770
[True, True, True, True, True, True, ..., True, True, True, True, True, True]

---------------------------------
MC_drqq

precut len 2607
[[0, 0, 0, 0, 0, 0], [0], ..., [0, 0, 0, 0, 0, 0, 0, 0, 0, 0], [0, 0, 0]]

flattened precut len 16942
[0, 0, 0, 0, 0, 0, 0, 0.435, 0, 0, 0, 0, ..., 0, 0, 0, 0, 0, 0, 0, 0, 0, 0, 0]

postcut len 1454
[[0, 0, 0, 0, 0, 0], [0], ..., [0, 0, 0, 0, 0, 0, 0, 0, 0, 0], [0, 0, 0]]

flattened len 11770
[0.435, 0.405, 0, 0, 0.51, 0, 0, 0.345, 0, 0, ..., 0, 0, 0, 0, 0, 0, 0, 0, 0, 0]

---------------------------------
MC_n_c

precut len 2607
[[1, 1, 1, 1, 1, 1], [0], [1], ..., [0, 0, 0, 0, 0, 0, 0, 0, 0, 0], [2, 2, 2]]

flattened precut len 16942
[1, 1, 1, 1, 1, 1, 0, 1, 0, 0, 0, 0, 0, ..., 0, 0, 0, 0, 0, 0, 0, 0, 0, 2, 2, 2]

postcut len 1454
[[1, 1, 1, 1, 1, 1], [0], [1], ..., [0, 0, 0, 0, 0, 0, 0, 0, 0, 0], [2, 2, 2]]

flattened len 11770
[1, 0, 0, 0, 0, 0, 0, 0, 0, 0, 0, 0, 0, ..., 0, 0, 0, 0, 0, 0, 0, 0, 0, 0, 0, 0]

---------------------------------
label_BB

precut len 2607
[[False, False, False, False, False, False], ..., [False, False, False]]

flattened precut len 16942
[False, False, False, False, False, ..., False, False, False, False, False]

postcut len 1454
[[False, False, False, False, False, False], ..., [False, False, False]]

flattened len 11770
[False, False, False, False, False, ..., False, False, False, False, False]

---------------------------------
label_CC

precut len 2607
[[False, False, False, False, False, False], ..., [False, False, False]]

flattened precut len 16942
[False, False, False, False, False, ..., False, False, False, False, False]

postcut len 1454
[[False, False, False, False, False, False], ..., [False, False, False]]

flattened len 11770
[True, False, False, False, False, ..., False, False, False, False, False]

---------------------------------
label_bb

precut len 2607
[[False, False, False, False, False, False], ..., [False, False, False]]

flattened precut len 16942
[False, False, False, False, False, ..., False, False, False, False, False]

postcut len 1454
[[False, False, False, False, False, False], ..., [False, False, False]]

flattened len 11770
[False, False, True, True, False, False, ..., False, False, False, False, False]

---------------------------------
label_bx

precut len 2607
[[False, False, False, False, False, False], ..., [False, False, False]]

flattened precut len 16942
[False, False, False, False, False, ..., False, False, False, False, False]

postcut len 1454
[[False, False, False, False, False, False], ..., [False, False, False]]

flattened len 11770
[False, False, False, False, False, False, ..., True, True, False, False, False]

---------------------------------
label_cx

precut len 2607
[[False, False, False, False, False, False], [False], ..., [True, True, True]]

flattened precut len 16942
[False, False, False, False, False, False, ..., False, False, True, True, True]

postcut len 1454
[[False, False, False, False, False, False], [False], ..., [True, True, True]]

flattened len 11770
[False, False, False, False, False, ..., False, False, False, False, False]

---------------------------------
label_ll

precut len 2607
[[True, True, True, True, True, True], [True], ..., [False, False, False]]

flattened precut len 16942
[True, True, True, True, True, True, ..., True, True, True, False, False, False]

postcut len 1454
[[True, True, True, True, True, True], [True], ..., [False, False, False]]

flattened len 11770
[False, True, False, False, True, True, ..., False, False, True, True, True]


** Written 11770 PAIReD jets to the output file in 4.67 seconds
** Computing time per PAIReD jet: 0.397 milliseconds
** Computing time per event: 1.557 milliseconds

*****************************************************************
  End makeNtuplesPAIReDjointMC()
*****************************************************************

