
*****************************************************************
  Start makeNtuplesPAIReDjointMC()
*****************************************************************

** Open input file: PFNano.root
** Create output file: PAIReD.root
** Create tree "tree" entitled "PAIReD jets for training" in output file
** Total number of events: 6000
** Process all events
** Batch size: 100 MB
** Physics process: 0
** PAIReD geometry: Ellipse

** Start processing data
process event batch 0
part [[[{phi: 0.455, eta: -1.09, pt: 1.3, charge: 1, pid: 211, ...}, ...], ...], ...]
---------------------------------
event

precut len 5154
[[2.48e+07, 2.48e+07, 2.48e+07, 2.48e+07, 2.48e+07, 2.48e+07], ..., [...]]

flattened precut len 32161
[2.48e+07, 2.48e+07, 2.48e+07, 2.48e+07, ..., 2.58e+07, 2.58e+07, 2.58e+07]

postcut len 3026
[[2.48e+07, 2.48e+07, 2.48e+07, 2.48e+07, 2.48e+07, 2.48e+07], ..., [...]]

flattened len 23668
[2.48e+07, 2.48e+07, 2.48e+07, 2.48e+07, ..., 2.58e+07, 2.58e+07, 2.58e+07]

---------------------------------
genweight

precut len 5154
[[1, 1, 1, 1, 1, 1], [1, 1, 1, 1, 1, ..., 1, 1, 1, 1], ..., [1, 1, 1, 1, 1, 1]]

flattened precut len 32161
[1, 1, 1, 1, 1, 1, 1, 1, 1, 1, 1, 1, 1, ..., 1, 1, 1, 1, 1, 1, 1, 1, 1, 1, 1, 1]

postcut len 3026
[[1, 1, 1, 1, 1, 1], [1, 1, 1, 1, 1, ..., 1, 1, 1, 1], ..., [1, 1, 1, 1, 1, 1]]

flattened len 23668
[1, 1, 1, 1, 1, 1, 1, 1, 1, 1, 1, 1, 1, ..., 1, 1, 1, 1, 1, 1, 1, 1, 1, 1, 1, 1]

---------------------------------
run

precut len 5154
[[1, 1, 1, 1, 1, 1], [1, 1, 1, 1, 1, ..., 1, 1, 1, 1], ..., [1, 1, 1, 1, 1, 1]]

flattened precut len 32161
[1, 1, 1, 1, 1, 1, 1, 1, 1, 1, 1, 1, 1, ..., 1, 1, 1, 1, 1, 1, 1, 1, 1, 1, 1, 1]

postcut len 3026
[[1, 1, 1, 1, 1, 1], [1, 1, 1, 1, 1, ..., 1, 1, 1, 1], ..., [1, 1, 1, 1, 1, 1]]

flattened len 23668
[1, 1, 1, 1, 1, 1, 1, 1, 1, 1, 1, 1, 1, ..., 1, 1, 1, 1, 1, 1, 1, 1, 1, 1, 1, 1]

---------------------------------
Pileup_nPU

precut len 5154
[[39, 39, 39, 39, 39, 39], [69, 69, ..., 69, 69], ..., [55, 55, 55, 55, 55, 55]]

flattened precut len 32161
[39, 39, 39, 39, 39, 39, 69, 69, 69, ..., 67, 67, 67, 55, 55, 55, 55, 55, 55]

postcut len 3026
[[39, 39, 39, 39, 39, 39], [69, 69, ..., 69, 69], ..., [55, 55, 55, 55, 55, 55]]

flattened len 23668
[39, 39, 39, 39, 39, 39, 69, 69, 69, ..., 67, 67, 67, 55, 55, 55, 55, 55, 55]

---------------------------------
pv_n

precut len 5154
[[29, 29, 29, 29, 29, 29], [53, 53, ..., 53, 53], ..., [47, 47, 47, 47, 47, 47]]

flattened precut len 32161
[29, 29, 29, 29, 29, 29, 53, 53, 53, ..., 50, 50, 50, 47, 47, 47, 47, 47, 47]

postcut len 3026
[[29, 29, 29, 29, 29, 29], [53, 53, ..., 53, 53], ..., [47, 47, 47, 47, 47, 47]]

flattened len 23668
[29, 29, 29, 29, 29, 29, 53, 53, 53, ..., 50, 50, 50, 47, 47, 47, 47, 47, 47]

---------------------------------
pv_ngood

precut len 5154
[[28, 28, 28, 28, 28, 28], [47, 47, ..., 47, 47], ..., [46, 46, 46, 46, 46, 46]]

flattened precut len 32161
[28, 28, 28, 28, 28, 28, 47, 47, 47, ..., 48, 48, 48, 46, 46, 46, 46, 46, 46]

postcut len 3026
[[28, 28, 28, 28, 28, 28], [47, 47, ..., 47, 47], ..., [46, 46, 46, 46, 46, 46]]

flattened len 23668
[28, 28, 28, 28, 28, 28, 47, 47, 47, ..., 48, 48, 48, 46, 46, 46, 46, 46, 46]

---------------------------------
fgrfcc

precut len 5154
[[20.2, 20.2, 20.2, 20.2, 20.2, 20.2], ..., [29.9, 29.9, 29.9, ..., 29.9, 29.9]]

flattened precut len 32161
[20.2, 20.2, 20.2, 20.2, 20.2, 20.2, ..., 29.9, 29.9, 29.9, 29.9, 29.9, 29.9]

postcut len 3026
[[20.2, 20.2, 20.2, 20.2, 20.2, 20.2], ..., [29.9, 29.9, 29.9, ..., 29.9, 29.9]]

flattened len 23668
[20.2, 20.2, 20.2, 20.2, 20.2, 20.2, ..., 29.9, 29.9, 29.9, 29.9, 29.9, 29.9]

---------------------------------
fgrfccpu

precut len 5154
[[15.1, 15.1, 15.1, 15.1, 15.1, 15.1], ..., [30.5, 30.5, 30.5, ..., 30.5, 30.5]]

flattened precut len 32161
[15.1, 15.1, 15.1, 15.1, 15.1, 15.1, ..., 30.5, 30.5, 30.5, 30.5, 30.5, 30.5]

postcut len 3026
[[15.1, 15.1, 15.1, 15.1, 15.1, 15.1], ..., [30.5, 30.5, 30.5, ..., 30.5, 30.5]]

flattened len 23668
[15.1, 15.1, 15.1, 15.1, 15.1, 15.1, ..., 30.5, 30.5, 30.5, 30.5, 30.5, 30.5]

---------------------------------
jet1

precut len 5154
[[{phi: 0.542, eta: -2.25, pt: 222, energy: 1.07e+03, ...}, ..., {...}], ...]

flattened precut len 32161
[{phi: 0.542, eta: -2.25, pt: 222, energy: 1.07e+03, nparticles: 14, ...}, ...]

postcut len 3026
[[{phi: 0.542, eta: -2.25, pt: 222, energy: 1.07e+03, ...}, ..., {...}], ...]

flattened len 23668
[{phi: 0.542, eta: -2.25, pt: 222, energy: 1.07e+03, nparticles: 14, ...}, ...]

---------------------------------
jet2

precut len 5154
[[{phi: -2.39, eta: -2.46, pt: 217, energy: 1.28e+03, ...}, ..., {...}], ...]

flattened precut len 32161
[{phi: -2.39, eta: -2.46, pt: 217, energy: 1.28e+03, nparticles: 14, ...}, ...]

postcut len 3026
[[{phi: -2.39, eta: -2.46, pt: 217, energy: 1.28e+03, ...}, ..., {...}], ...]

flattened len 23668
[{phi: -2.39, eta: -2.46, pt: 217, energy: 1.28e+03, nparticles: 14, ...}, ...]

---------------------------------
dijet

precut len 5154
[[{eta: -4.57, phi: -0.711, pt: 39.3, mass: 368, ...}, {...}, ..., {...}], ...]

flattened precut len 32161
[{eta: -4.57, phi: -0.711, pt: 39.3, mass: 368, nparticles: 3, ...}, ..., {...}]

postcut len 3026
[[{eta: -4.57, phi: -0.711, pt: 39.3, mass: 368, ...}, {...}, ..., {...}], ...]

flattened len 23668
[{eta: -4.57, phi: -0.711, pt: 39.3, mass: 368, nparticles: 3, ...}, ..., {...}]

---------------------------------
part

precut len 5154
[[[{phi: 0.455, eta: -1.09, pt: 1.3, charge: 1, pid: 211, ...}, ...], ...], ...]

flattened precut len 32161
[[{phi: 0.455, eta: -1.09, pt: 1.3, charge: 1, pid: 211, ...}, ..., {...}], ...]

postcut len 3026
[[[{phi: 0.455, eta: -1.09, pt: 1.3, charge: 1, pid: 211, ...}, ...], ...], ...]

flattened len 23668
[[{phi: 0.455, eta: -1.09, pt: 1.3, charge: 1, pid: 211, ...}, ..., {...}], ...]

---------------------------------
sv

precut len 5154
[[[{charge: 0, chi2: 4.2e-05, dlen: 47, dlenSig: 37, dxy: ..., ...}], ...], ...]

flattened precut len 32161
[[{charge: 0, chi2: 4.2e-05, dlen: 47, dlenSig: 37, dxy: 9.74, ...}], ..., []]

postcut len 3026
[[[{charge: 0, chi2: 4.2e-05, dlen: 47, dlenSig: 37, dxy: ..., ...}], ...], ...]

flattened len 23668
[[{charge: 0, chi2: 4.2e-05, dlen: 47, dlenSig: 37, dxy: 9.74, ...}], ..., []]

---------------------------------
MC_physics_process

precut len 5154
[[0, 0, 0, 0, 0, 0], [0, 0, 0, 0, 0, ..., 0, 0, 0, 0], ..., [0, 0, 0, 0, 0, 0]]

flattened precut len 32161
[0, 0, 0, 0, 0, 0, 0, 0, 0, 0, 0, 0, 0, ..., 0, 0, 0, 0, 0, 0, 0, 0, 0, 0, 0, 0]

postcut len 3026
[[0, 0, 0, 0, 0, 0], [0, 0, 0, 0, 0, ..., 0, 0, 0, 0], ..., [0, 0, 0, 0, 0, 0]]

flattened len 23668
[0, 0, 0, 0, 0, 0, 0, 0, 0, 0, 0, 0, 0, ..., 0, 0, 0, 0, 0, 0, 0, 0, 0, 0, 0, 0]

---------------------------------
MC_higgs_pt

precut len 5154
[[0, 0, 0, 0, 0, 0], [0, 219, 0, 0, ..., 0, 0, 224], ..., [0, 0, 0, 262, 0, 0]]

flattened precut len 32161
[0, 0, 0, 0, 0, 0, 0, 219, 0, 0, 0, ..., 334, 0, 0, 0, 0, 0, 0, 0, 262, 0, 0]

postcut len 3026
[[0, 0, 0, 0, 0, 0], [0, 219, 0, 0, ..., 0, 0, 224], ..., [0, 0, 0, 262, 0, 0]]

flattened len 23668
[0, 0, 0, 0, 0, 0, 0, 219, 0, 0, 0, ..., 334, 0, 0, 0, 0, 0, 0, 0, 262, 0, 0]

---------------------------------
MC_higgs_eta

precut len 5154
[[-0, -0, -0, -0, -0, -0], [0, 1.26, ..., 0, 1.13], ..., [0, 0, 0, 0.241, 0, 0]]

flattened precut len 32161
[-0, -0, -0, -0, -0, -0, 0, 1.26, 0, 0, ..., 0, 0, 0, 0, 0, 0, 0, 0.241, 0, 0]

postcut len 3026
[[-0, -0, -0, -0, -0, -0], [0, 1.26, ..., 0, 1.13], ..., [0, 0, 0, 0.241, 0, 0]]

flattened len 23668
[-0, -0, -0, -0, -0, -0, 0, 1.26, 0, 0, ..., 0, 0, 0, 0, 0, 0, 0, 0.241, 0, 0]

---------------------------------
MC_higgs_phi

precut len 5154
[[0, 0, 0, 0, 0, 0], [0, -2.8, 0, ..., 0, 0, 0.447], ..., [0, 0, 0, 1.02, 0, 0]]

flattened precut len 32161
[0, 0, 0, 0, 0, 0, 0, -2.8, 0, 0, 0, ..., 0, 0, 0, 0, 0, 0, 0, 1.02, 0, 0]

postcut len 3026
[[0, 0, 0, 0, 0, 0], [0, -2.8, 0, ..., 0, 0, 0.447], ..., [0, 0, 0, 1.02, 0, 0]]

flattened len 23668
[0, 0, 0, 0, 0, 0, 0, -2.8, 0, 0, 0, ..., 0, 0, 0, 0, 0, 0, 0, 1.02, 0, 0]

---------------------------------
MC_higgs_mass

precut len 5154
[[0, 0, 0, 0, 0, 0], [0, 202, 0, 0, ..., 0, 0, 202], ..., [0, 0, 0, 175, 0, 0]]

flattened precut len 32161
[0, 0, 0, 0, 0, 0, 0, 202, 0, 0, 0, ..., 175, 0, 0, 0, 0, 0, 0, 0, 175, 0, 0]

postcut len 3026
[[0, 0, 0, 0, 0, 0], [0, 202, 0, 0, ..., 0, 0, 202], ..., [0, 0, 0, 175, 0, 0]]

flattened len 23668
[0, 0, 0, 0, 0, 0, 0, 202, 0, 0, 0, ..., 175, 0, 0, 0, 0, 0, 0, 0, 175, 0, 0]

---------------------------------
MC_higgs_flav

precut len 5154
[[0, 0, 0, 0, 0, 0], [0, 5, 0, 0, 0, ..., 5, 0, 0, 5], ..., [0, 0, 0, 3, 0, 0]]

flattened precut len 32161
[0, 0, 0, 0, 0, 0, 0, 5, 0, 0, 0, 5, 5, ..., 0, 4, 0, 0, 0, 0, 0, 0, 0, 3, 0, 0]

postcut len 3026
[[0, 0, 0, 0, 0, 0], [0, 5, 0, 0, 0, ..., 5, 0, 0, 5], ..., [0, 0, 0, 3, 0, 0]]

flattened len 23668
[0, 0, 0, 0, 0, 0, 0, 5, 0, 0, 0, 5, 5, ..., 0, 4, 0, 0, 0, 0, 0, 0, 0, 3, 0, 0]

---------------------------------
MC_higgs_valid

precut len 5154
[[False, False, True, False, False, False], ..., [False, False, ..., False]]

flattened precut len 32161
[False, False, True, False, False, False, ..., False, False, True, False, False]

postcut len 3026
[[False, False, True, False, False, False], ..., [False, False, ..., False]]

flattened len 23668
[False, False, True, False, False, False, ..., False, False, True, False, False]

---------------------------------
MC_vector_flav

precut len 5154
[[0, 0, 0, 0, 0, 0], [0, 0, 0, 0, 0, ..., 0, 0, 0, 0], ..., [0, 0, 0, 0, 0, 0]]

flattened precut len 32161
[0, 0, 0, 0, 0, 0, 0, 0, 0, 0, 0, 0, 0, ..., 0, 0, 0, 0, 0, 0, 0, 0, 0, 0, 0, 0]

postcut len 3026
[[0, 0, 0, 0, 0, 0], [0, 0, 0, 0, 0, ..., 0, 0, 0, 0], ..., [0, 0, 0, 0, 0, 0]]

flattened len 23668
[0, 0, 0, 0, 0, 0, 0, 0, 0, 0, 0, 0, 0, ..., 0, 0, 0, 0, 0, 0, 0, 0, 0, 0, 0, 0]

---------------------------------
MC_lepton_channel

precut len 5154
[[-1, -1, -1, -1, -1, -1], [-1, -1, ..., -1, -1], ..., [-1, -1, -1, -1, -1, -1]]

flattened precut len 32161
[-1, -1, -1, -1, -1, -1, -1, -1, -1, ..., -1, -1, -1, -1, -1, -1, -1, -1, -1]

postcut len 3026
[[-1, -1, -1, -1, -1, -1], [-1, -1, ..., -1, -1], ..., [-1, -1, -1, -1, -1, -1]]

flattened len 23668
[-1, -1, -1, -1, -1, -1, -1, -1, -1, ..., -1, -1, -1, -1, -1, -1, -1, -1, -1]

---------------------------------
MC_gendijet_pt

precut len 5154
[[57.3, 198, 245, 251, 210, 20.2], [...], ..., [101, 215, 256, 240, 202, 84.1]]

flattened precut len 32161
[57.3, 198, 245, 251, 210, 20.2, 24.5, ..., 62.3, 101, 215, 256, 240, 202, 84.1]

postcut len 3026
[[57.3, 198, 245, 251, 210, 20.2], [...], ..., [101, 215, 256, 240, 202, 84.1]]

flattened len 23668
[57.3, 198, 245, 251, 210, 20.2, 24.5, ..., 62.3, 101, 215, 256, 240, 202, 84.1]

---------------------------------
MC_gendijet_eta

precut len 5154
[[-4.42, -2.36, -2.16, -2.41, -2.58, -1.71], ..., [-1.49, -1.1, ..., -0.17]]

flattened precut len 32161
[-4.42, -2.36, -2.16, -2.41, -2.58, ..., -1.1, -1.03, 0.351, 0.299, -0.17]

postcut len 3026
[[-4.42, -2.36, -2.16, -2.41, -2.58, -1.71], ..., [-1.49, -1.1, ..., -0.17]]

flattened len 23668
[-4.42, -2.36, -2.16, -2.41, -2.58, ..., -1.1, -1.03, 0.351, 0.299, -0.17]

---------------------------------
MC_gendijet_phi

precut len 5154
[[-1.28, 0.647, 0.501, -2.49, -2.32, 1.63], ..., [-2.43, -1.93, ..., 0.744]]

flattened precut len 32161
[-1.28, 0.647, 0.501, -2.49, -2.32, 1.63, ..., -1.93, -2.26, 0.909, 1.27, 0.744]

postcut len 3026
[[-1.28, 0.647, 0.501, -2.49, -2.32, 1.63], ..., [-2.43, -1.93, ..., 0.744]]

flattened len 23668
[-1.28, 0.647, 0.501, -2.49, -2.32, 1.63, ..., -1.93, -2.26, 0.909, 1.27, 0.744]

---------------------------------
MC_gendijet_mass

precut len 5154
[[453, 205, 121, 194, 218, 57.8], [...], ..., [550, 322, 176, 108, 103, 84.6]]

flattened precut len 32161
[453, 205, 121, 194, 218, 57.8, 306, ..., 172, 550, 322, 176, 108, 103, 84.6]

postcut len 3026
[[453, 205, 121, 194, 218, 57.8], [...], ..., [550, 322, 176, 108, 103, 84.6]]

flattened len 23668
[453, 205, 121, 194, 218, 57.8, 306, ..., 172, 550, 322, 176, 108, 103, 84.6]

---------------------------------
MC_genjet1_flav

precut len 5154
[[-4, -4, -4, 4, 4, 4], [5, 5, 5, ..., -5, -5, -5], ..., [21, 21, 21, 3, 3, 21]]

flattened precut len 32161
[-4, -4, -4, 4, 4, 4, 5, 5, 5, 5, 5, ..., -4, -4, 4, 4, 1, 21, 21, 21, 3, 3, 21]

postcut len 3026
[[-4, -4, -4, 4, 4, 4], [5, 5, 5, ..., -5, -5, -5], ..., [21, 21, 21, 3, 3, 21]]

flattened len 23668
[-4, -4, -4, 4, 4, 4, 5, 5, 5, 5, 5, ..., -4, -4, 4, 4, 1, 21, 21, 21, 3, 3, 21]

---------------------------------
MC_genjet2_flav

precut len 5154
[[4, 4, 2, 4, 2, 2], [5, -5, -5, ..., -5, -5, -5], ..., [3, 21, -3, 21, -3, -3]]

flattened precut len 32161
[4, 4, 2, 4, 2, 2, 5, -5, -5, -5, -5, ..., 1, 4, 1, 4, 4, 3, 21, -3, 21, -3, -3]

postcut len 3026
[[4, 4, 2, 4, 2, 2], [5, -5, -5, ..., -5, -5, -5], ..., [3, 21, -3, 21, -3, -3]]

flattened len 23668
[4, 4, 2, 4, 2, 2, 5, -5, -5, -5, -5, ..., 1, 4, 1, 4, 4, 3, 21, -3, 21, -3, -3]

---------------------------------
MC_genjet1_matched

precut len 5154
[[True, True, True, True, True, True], ..., [True, True, True, ..., True, True]]

flattened precut len 32161
[True, True, True, True, True, True, ..., True, True, True, True, True, True]

postcut len 3026
[[True, True, True, True, True, True], ..., [True, True, True, ..., True, True]]

flattened len 23668
[True, True, True, True, True, True, ..., True, True, True, True, True, True]

---------------------------------
MC_genjet2_matched

precut len 5154
[[True, True, True, True, True, True], ..., [True, True, True, ..., True, True]]

flattened precut len 32161
[True, True, True, True, True, True, ..., True, True, True, True, True, True]

postcut len 3026
[[True, True, True, True, True, True], ..., [True, True, True, ..., True, True]]

flattened len 23668
[True, True, True, True, True, True, ..., True, True, True, True, True, True]

---------------------------------
MC_drqq

precut len 5154
[[0, 0, 0, 0, 0, 0], [0, 1.58, 0, ..., 0, 0, 1.48], ..., [0, 0, 0, 1.48, 0, 0]]

flattened precut len 32161
[0, 0, 0, 0, 0, 0, 0, 1.58, 0, 0, 0, ..., 1.02, 0, 0, 0, 0, 0, 0, 0, 1.48, 0, 0]

postcut len 3026
[[0, 0, 0, 0, 0, 0], [0, 1.58, 0, ..., 0, 0, 1.48], ..., [0, 0, 0, 1.48, 0, 0]]

flattened len 23668
[0, 0, 0, 0, 0, 0, 0, 1.58, 0, 0, 0, ..., 1.02, 0, 0, 0, 0, 0, 0, 0, 1.48, 0, 0]

---------------------------------
MC_n_c

precut len 5154
[[3, 3, 3, 3, 3, 3], [0, 0, 0, 0, 0, ..., 0, 0, 0, 0], ..., [0, 0, 0, 0, 0, 0]]

flattened precut len 32161
[3, 3, 3, 3, 3, 3, 0, 0, 0, 0, 0, 0, 0, ..., 4, 4, 4, 4, 4, 4, 0, 0, 0, 0, 0, 0]

postcut len 3026
[[3, 3, 3, 3, 3, 3], [0, 0, 0, 0, 0, ..., 0, 0, 0, 0], ..., [0, 0, 0, 0, 0, 0]]

flattened len 23668
[3, 3, 3, 3, 3, 3, 0, 0, 0, 0, 0, 0, 0, ..., 4, 4, 4, 4, 4, 4, 0, 0, 0, 0, 0, 0]

---------------------------------
label_BB

precut len 5154
[[False, False, False, False, False, False], ..., [False, False, ..., False]]

flattened precut len 32161
[False, False, False, False, False, ..., False, False, False, False, False]

postcut len 3026
[[False, False, False, False, False, False], ..., [False, False, ..., False]]

flattened len 23668
[False, False, False, False, False, ..., False, False, False, False, False]

---------------------------------
label_CC

precut len 5154
[[False, False, False, False, False, False], ..., [False, False, ..., False]]

flattened precut len 32161
[False, False, False, False, False, ..., False, False, False, False, False]

postcut len 3026
[[False, False, False, False, False, False], ..., [False, False, ..., False]]

flattened len 23668
[False, False, False, False, False, ..., False, False, False, False, False]

---------------------------------
label_bb

precut len 5154
[[False, False, False, False, False, False], ..., [False, False, ..., False]]

flattened precut len 32161
[False, False, False, False, False, ..., False, False, False, False, False]

postcut len 3026
[[False, False, False, False, False, False], ..., [False, False, ..., False]]

flattened len 23668
[False, False, False, False, False, ..., False, False, False, False, False]

---------------------------------
label_bx

precut len 5154
[[False, False, False, False, False, False], ..., [False, False, ..., False]]

flattened precut len 32161
[False, False, False, False, False, ..., False, False, False, False, False]

postcut len 3026
[[False, False, False, False, False, False], ..., [False, False, ..., False]]

flattened len 23668
[False, False, False, False, False, ..., False, False, False, False, False]

---------------------------------
label_cx

precut len 5154
[[True, True, True, True, True, True], ..., [False, False, ..., False, False]]

flattened precut len 32161
[True, True, True, True, True, True, ..., False, False, False, False, False]

postcut len 3026
[[True, True, True, True, True, True], ..., [False, False, ..., False, False]]

flattened len 23668
[True, True, True, True, True, True, ..., False, False, False, False, False]

---------------------------------
label_ll

precut len 5154
[[False, False, False, False, False, False], ..., [True, True, ..., True, True]]

flattened precut len 32161
[False, False, False, False, False, False, ..., True, True, True, True, True]

postcut len 3026
[[False, False, False, False, False, False], ..., [True, True, ..., True, True]]

flattened len 23668
[False, False, False, False, False, False, ..., True, True, True, True, True]


** Written 23668 PAIReD jets to the output file in 7.84 seconds
** Computing time per PAIReD jet: 0.331 milliseconds
** Computing time per event: 1.307 milliseconds

*****************************************************************
  End makeNtuplesPAIReDjointMC()
*****************************************************************

