
*****************************************************************
  Start makeNtuplesPAIReDjointMC()
*****************************************************************

** Open input file: PFNano.root
** Create output file: PAIReD.root
** Create tree "tree" entitled "PAIReD jets for training" in output file
** Total number of events: 86000
** Process all events
** Batch size: 100 MB
** Physics process: 0
** PAIReD geometry: Ellipse

** Start processing data
process event batch 0
part [[[], [], [{phi: -2.39, eta: -2.87, pt: 39.4, charge: 0, ...}, ...]], ...]
---------------------------------
event

precut len 52965
[[1.15e+06, 1.15e+06, 1.15e+06], ..., [2.93e+07, 2.93e+07, 2.93e+07]]

flattened precut len 338464
[1.15e+06, 1.15e+06, 1.15e+06, 1.15e+06, ..., 2.93e+07, 2.93e+07, 2.93e+07]

postcut len 52965
[[1.15e+06, 1.15e+06, 1.15e+06], ..., [2.93e+07, 2.93e+07, 2.93e+07]]

flattened len 98911
[1.15e+06, 1.15e+06, 1.15e+06, 1.15e+06, ..., 2.93e+07, 2.93e+07, 2.93e+07]

flattened replaced len 98911
[1.15e+06, 1.15e+06, 1.15e+06, 1.15e+06, ..., 2.93e+07, 2.93e+07, 2.93e+07]

---------------------------------
genweight

precut len 52965
[[1, 1, 1], [1], [1, 1, 1, 1, 1, 1], ..., [...], [1, 1, 1, 1, 1, 1], [1, 1, 1]]

flattened precut len 338464
[1, 1, 1, 1, 1, 1, 1, 1, 1, 1, 1, 1, 1, ..., 1, 1, 1, 1, 1, 1, 1, 1, 1, 1, 1, 1]

postcut len 52965
[[1, 1, 1], [1], [1, 1, 1, 1, 1, 1], ..., [...], [1, 1, 1, 1, 1, 1], [1, 1, 1]]

flattened len 98911
[1, 1, 1, 1, 1, 1, 1, 1, 1, 1, 1, 1, 1, ..., 1, 1, 1, 1, 1, 1, 1, 1, 1, 1, 1, 1]

flattened replaced len 98911
[1, 1, 1, 1, 1, 1, 1, 1, 1, 1, 1, 1, 1, ..., 1, 1, 1, 1, 1, 1, 1, 1, 1, 1, 1, 1]

---------------------------------
run

precut len 52965
[[1, 1, 1], [1], [1, 1, 1, 1, 1, 1], ..., [...], [1, 1, 1, 1, 1, 1], [1, 1, 1]]

flattened precut len 338464
[1, 1, 1, 1, 1, 1, 1, 1, 1, 1, 1, 1, 1, ..., 1, 1, 1, 1, 1, 1, 1, 1, 1, 1, 1, 1]

postcut len 52965
[[1, 1, 1], [1], [1, 1, 1, 1, 1, 1], ..., [...], [1, 1, 1, 1, 1, 1], [1, 1, 1]]

flattened len 98911
[1, 1, 1, 1, 1, 1, 1, 1, 1, 1, 1, 1, 1, ..., 1, 1, 1, 1, 1, 1, 1, 1, 1, 1, 1, 1]

flattened replaced len 98911
[1, 1, 1, 1, 1, 1, 1, 1, 1, 1, 1, 1, 1, ..., 1, 1, 1, 1, 1, 1, 1, 1, 1, 1, 1, 1]

---------------------------------
Pileup_nPU

precut len 52965
[[54, 54, 54], [30], [42, ..., 42], ..., [29, 29, 29, 29, 29, 29], [55, 55, 55]]

flattened precut len 338464
[54, 54, 54, 30, 42, 42, 42, 42, 42, ..., 29, 29, 29, 29, 29, 29, 55, 55, 55]

postcut len 52965
[[54, 54, 54], [30], [42, ..., 42], ..., [29, 29, 29, 29, 29, 29], [55, 55, 55]]

flattened len 98911
[54, 30, 42, 63, 63, 63, 63, 63, 63, ..., 64, 64, 64, 64, 47, 38, 38, 38, 29]

flattened replaced len 98911
[54, 30, 42, 63, 63, 63, 63, 63, 63, ..., 64, 64, 64, 64, 47, 38, 38, 38, 29]

---------------------------------
pv_n

precut len 52965
[[40, 40, 40], [27], [33, ..., 33], ..., [22, 22, 22, 22, 22, 22], [44, 44, 44]]

flattened precut len 338464
[40, 40, 40, 27, 33, 33, 33, 33, 33, ..., 22, 22, 22, 22, 22, 22, 44, 44, 44]

postcut len 52965
[[40, 40, 40], [27], [33, ..., 33], ..., [22, 22, 22, 22, 22, 22], [44, 44, 44]]

flattened len 98911
[40, 27, 33, 49, 49, 49, 49, 49, 49, ..., 47, 47, 47, 47, 31, 25, 25, 25, 22]

flattened replaced len 98911
[40, 27, 33, 49, 49, 49, 49, 49, 49, ..., 47, 47, 47, 47, 31, 25, 25, 25, 22]

---------------------------------
pv_ngood

precut len 52965
[[38, 38, 38], [26], [31, ..., 31], ..., [22, 22, 22, 22, 22, 22], [43, 43, 43]]

flattened precut len 338464
[38, 38, 38, 26, 31, 31, 31, 31, 31, ..., 22, 22, 22, 22, 22, 22, 43, 43, 43]

postcut len 52965
[[38, 38, 38], [26], [31, ..., 31], ..., [22, 22, 22, 22, 22, 22], [43, 43, 43]]

flattened len 98911
[38, 26, 31, 46, 46, 46, 46, 46, 46, ..., 44, 44, 44, 44, 30, 21, 21, 21, 22]

flattened replaced len 98911
[38, 26, 31, 46, 46, 46, 46, 46, 46, ..., 44, 44, 44, 44, 30, 21, 21, 21, 22]

---------------------------------
fgrfcc

precut len 52965
[[26.4, 26.4, 26.4], [18.2], ..., [14.5, 14.5, ..., 14.5], [28.9, 28.9, 28.9]]

flattened precut len 338464
[26.4, 26.4, 26.4, 18.2, 25.7, 25.7, ..., 14.5, 14.5, 14.5, 28.9, 28.9, 28.9]

postcut len 52965
[[26.4, 26.4, 26.4], [18.2], ..., [14.5, 14.5, ..., 14.5], [28.9, 28.9, 28.9]]

flattened len 98911
[26.4, 18.2, 25.7, 28.5, 28.5, 28.5, ..., 28.1, 24, 19.4, 19.4, 19.4, 14.5]

flattened replaced len 98911
[26.4, 18.2, 25.7, 28.5, 28.5, 28.5, ..., 28.1, 24, 19.4, 19.4, 19.4, 14.5]

---------------------------------
fgrfccpu

precut len 52965
[[24.2, 24.2, 24.2], [14.1], ..., [9.89, 9.89, ..., 9.89], [31.1, 31.1, 31.1]]

flattened precut len 338464
[24.2, 24.2, 24.2, 14.1, 23.2, 23.2, ..., 9.89, 9.89, 9.89, 31.1, 31.1, 31.1]

postcut len 52965
[[24.2, 24.2, 24.2], [14.1], ..., [9.89, 9.89, ..., 9.89], [31.1, 31.1, 31.1]]

flattened len 98911
[24.2, 14.1, 23.2, 24.7, 24.7, 24.7, ..., 29.7, 23.3, 14.2, 14.2, 14.2, 9.89]

flattened replaced len 98911
[24.2, 14.1, 23.2, 24.7, 24.7, 24.7, ..., 29.7, 23.3, 14.2, 14.2, 14.2, 9.89]

---------------------------------
jet1

precut len 52965
[[{phi: 0.681, eta: -2.26, pt: 253, energy: 1.22e+03, ...}, ..., {...}], ...]

flattened precut len 338464
[{phi: 0.681, eta: -2.26, pt: 253, energy: 1.22e+03, nparticles: 18, ...}, ...]

postcut len 52965
[[{phi: 0.681, eta: -2.26, pt: 253, energy: 1.22e+03, ...}, ..., {...}], ...]

flattened len 98911
[{phi: 0.681, eta: -2.26, pt: 253, energy: 1.22e+03, nparticles: 18, ...}, ...]
