
*****************************************************************
  Start makeNtuplesPAIReDjointMC()
*****************************************************************

** Open input file: PFNano.root
** Create output file: PAIReD.root
** Create tree "tree" entitled "PAIReD jets for training" in output file
** Total number of events: 86000
** Process all events
** Batch size: 100 MB
** Physics process: 0
** PAIReD geometry: Ellipse

** Start processing data
process event batch 0
event
precut len 52965
[[1.15e+06, 1.15e+06, 1.15e+06], ..., [2.93e+07, 2.93e+07, 2.93e+07]]
flattened len 338464
[1.15e+06, 1.15e+06, 1.15e+06, 1.15e+06, ..., 2.93e+07, 2.93e+07, 2.93e+07]
genweight
precut len 52965
[[1, 1, 1], [1], [1, 1, 1, 1, 1, 1], ..., [...], [1, 1, 1, 1, 1, 1], [1, 1, 1]]
flattened len 338464
[1, 1, 1, 1, 1, 1, 1, 1, 1, 1, 1, 1, 1, ..., 1, 1, 1, 1, 1, 1, 1, 1, 1, 1, 1, 1]
run
precut len 52965
[[1, 1, 1], [1], [1, 1, 1, 1, 1, 1], ..., [...], [1, 1, 1, 1, 1, 1], [1, 1, 1]]
flattened len 338464
[1, 1, 1, 1, 1, 1, 1, 1, 1, 1, 1, 1, 1, ..., 1, 1, 1, 1, 1, 1, 1, 1, 1, 1, 1, 1]
Pileup_nPU
precut len 52965
[[54, 54, 54], [30], [42, ..., 42], ..., [29, 29, 29, 29, 29, 29], [55, 55, 55]]
flattened len 338464
[54, 54, 54, 30, 42, 42, 42, 42, 42, ..., 29, 29, 29, 29, 29, 29, 55, 55, 55]
pv_n
precut len 52965
[[40, 40, 40], [27], [33, ..., 33], ..., [22, 22, 22, 22, 22, 22], [44, 44, 44]]
flattened len 338464
[40, 40, 40, 27, 33, 33, 33, 33, 33, ..., 22, 22, 22, 22, 22, 22, 44, 44, 44]
pv_ngood
precut len 52965
[[38, 38, 38], [26], [31, ..., 31], ..., [22, 22, 22, 22, 22, 22], [43, 43, 43]]
flattened len 338464
[38, 38, 38, 26, 31, 31, 31, 31, 31, ..., 22, 22, 22, 22, 22, 22, 43, 43, 43]
fgrfcc
precut len 52965
[[26.4, 26.4, 26.4], [18.2], ..., [14.5, 14.5, ..., 14.5], [28.9, 28.9, 28.9]]
flattened len 338464
[26.4, 26.4, 26.4, 18.2, 25.7, 25.7, ..., 14.5, 14.5, 14.5, 28.9, 28.9, 28.9]
fgrfccpu
precut len 52965
[[24.2, 24.2, 24.2], [14.1], ..., [9.89, 9.89, ..., 9.89], [31.1, 31.1, 31.1]]
flattened len 338464
[24.2, 24.2, 24.2, 14.1, 23.2, 23.2, ..., 9.89, 9.89, 9.89, 31.1, 31.1, 31.1]
jet1
precut len 52965
[[{phi: 0.681, eta: -2.26, pt: 253, energy: 1.22e+03, ...}, ..., {...}], ...]
flattened len 338464
[{phi: 0.681, eta: -2.26, pt: 253, energy: 1.22e+03, nparticles: 18, ...}, ...]
jet2
precut len 52965
[[{phi: -2.96, eta: -1.49, pt: 115, energy: 269, ...}, {...}, {...}], ...]
flattened len 338464
[{phi: -2.96, eta: -1.49, pt: 115, energy: 269, nparticles: 20, ...}, ...]
dijet
precut len 52965
[[{eta: -2.91, phi: 1.06, pt: 133, mass: 310, nparticles: 0, ...}, ...], ...]
flattened len 338464
[{eta: -2.91, phi: 1.06, pt: 133, mass: 310, nparticles: 0, ...}, ..., {...}]
part
precut len 52965
[[[], [], [{phi: -2.39, eta: -2.87, pt: 39.4, charge: 0, ...}, ...]], ...]
flattened len 338464
[[], ..., [{phi: -2.7, eta: -0.672, pt: 72.6, charge: 0, pid: 22, ...}, ...]]
sv
precut len 52965
[[[{charge: 2, chi2: 1.06, dlen: 0.633, dlenSig: 14.4, ...}, ...], ...], ...]
flattened len 338464
[[{charge: 2, chi2: 1.06, dlen: 0.633, dlenSig: 14.4, dxy: ..., ...}, ...], ...]
MC_physics_process
precut len 52965
[[0, 0, 0], [0], [0, 0, 0, 0, 0, 0], ..., [...], [0, 0, 0, 0, 0, 0], [0, 0, 0]]
flattened len 338464
[0, 0, 0, 0, 0, 0, 0, 0, 0, 0, 0, 0, 0, ..., 0, 0, 0, 0, 0, 0, 0, 0, 0, 0, 0, 0]
MC_higgs_pt
precut len 52965
[[0, 294, 0], [0], [0, 0, 256, ..., 0, 0], ..., [0, 0, 295, 0, 0, 0], [0, 0, 0]]
flattened len 338464
[0, 294, 0, 0, 0, 0, 256, 0, 0, 0, 0, 0, ..., 0, 0, 0, 0, 295, 0, 0, 0, 0, 0, 0]
MC_higgs_eta
precut len 52965
[[-0, -2.2, -0], [-0], [-0, ..., -0], ..., [0, 0, 0.00294, 0, 0, 0], [0, 0, 0]]
flattened len 338464
[-0, -2.2, -0, -0, -0, -0, -1.38, -0, -0, ..., 0, 0, 0.00294, 0, 0, 0, 0, 0, 0]
MC_higgs_phi
precut len 52965
[[0, 0.39, 0], [0], [0, 0, ..., 0, 0], ..., [0, 0, 1.16, 0, 0, 0], [0, 0, 0]]
flattened len 338464
[0, 0.39, 0, 0, 0, 0, 1.85, 0, 0, 0, 0, ..., 0, 0, 0, 0, 1.16, 0, 0, 0, 0, 0, 0]
MC_higgs_mass
precut len 52965
[[0, 193, 0], [0], [0, 0, 193, ..., 0, 0], ..., [0, 0, 133, 0, 0, 0], [0, 0, 0]]
flattened len 338464
[0, 193, 0, 0, 0, 0, 193, 0, 0, 0, 0, 0, ..., 0, 0, 0, 0, 133, 0, 0, 0, 0, 0, 0]
MC_higgs_flav
precut len 52965
[[0, 4, 0], [0], [0, 0, 4, 0, 0, 0], ..., [...], [0, 0, 4, 0, 0, 0], [0, 0, 0]]
flattened len 338464
[0, 4, 0, 0, 0, 0, 4, 0, 0, 0, 0, 0, 0, ..., 0, 0, 0, 0, 0, 4, 0, 0, 0, 0, 0, 0]
MC_higgs_valid
precut len 52965
[[False, True, False], [True], ..., [False, ..., False], [False, False, False]]
flattened len 338464
[False, True, False, True, False, False, ..., False, False, False, False, False]
MC_vector_flav
precut len 52965
[[0, 0, 0], [0], [0, 0, 0, 0, 0, 0], ..., [...], [0, 0, 0, 0, 0, 0], [0, 0, 0]]
flattened len 338464
[0, 0, 0, 0, 0, 0, 0, 0, 0, 0, 0, 0, 0, ..., 0, 0, 0, 0, 0, 0, 0, 0, 0, 0, 0, 0]
MC_lepton_channel
precut len 52965
[[-1, -1, -1], [-1], [-1, ..., -1], ..., [-1, -1, -1, -1, -1, -1], [-1, -1, -1]]
flattened len 338464
[-1, -1, -1, -1, -1, -1, -1, -1, -1, ..., -1, -1, -1, -1, -1, -1, -1, -1, -1]
MC_gendijet_pt
precut len 52965
[[140, 282, 66.1], [159], ..., [30.2, 75, ..., 86.3, 7.92], [347, 199, 40.1]]
flattened len 338464
[140, 282, 66.1, 159, 58.4, 188, 237, ..., 294, 278, 86.3, 7.92, 347, 199, 40.1]
MC_gendijet_eta
precut len 52965
[[-2.94, -2.21, -2.62], [-1.36], ..., [2.38, ..., 4.75], [-0.707, -1.59, -2.87]]
flattened len 338464
[-2.94, -2.21, -2.62, -1.36, -2.36, ..., 1.86, 4.75, -0.707, -1.59, -2.87]
MC_gendijet_phi
precut len 52965
[[1.13, 0.402, -2.17], [-2.57], ..., [0.546, ..., -1.89], [-2.47, -2.87, -1.22]]
flattened len 338464
[1.13, 0.402, -2.17, -2.57, 2.39, 2.17, ..., -0.625, -1.89, -2.47, -2.87, -1.22]
MC_gendijet_mass
precut len 52965
[[348, 185, 200], [81.1], ..., [415, 490, 132, ..., 291, 334], [135, 347, 222]]
flattened len 338464
[348, 185, 200, 81.1, 413, 202, 177, ..., 132, 135, 291, 334, 135, 347, 222]
MC_genjet1_flav
precut len 52965
[[-4, -4, -5], [-5], [-4, ..., 21], ..., [-4, -4, -4, 21, 21, 21], [-1, -1, 1]]
flattened len 338464
[-4, -4, -5, -5, -4, -4, -4, 21, 21, 21, ..., -4, -4, -4, 21, 21, 21, -1, -1, 1]
MC_genjet2_flav
precut len 52965
[[-5, 4, 4], [2], [21, 21, ..., 4, 4], ..., [21, 21, 4, 21, 4, 4], [1, -1, -1]]
flattened len 338464
[-5, 4, 4, 2, 21, 21, 4, 21, 4, 4, -2, ..., 21, 21, 21, 4, 21, 4, 4, 1, -1, -1]
MC_genjet1_matched
precut len 52965
[[True, True, True], [True], ..., [True, True, ..., True], [True, True, True]]
flattened len 338464
[True, True, True, True, True, True, ..., True, True, True, True, True, True]
MC_genjet2_matched
precut len 52965
[[True, True, True], [True], ..., [True, True, ..., True], [True, True, True]]
flattened len 338464
[True, True, True, True, True, True, ..., True, True, True, True, True, True]
MC_drqq
precut len 52965
[[0, 1.3, 0], [0], [0, 0, ..., 0, 0], ..., [0, 0, 0.87, 0, 0, 0], [0, 0, 0]]
flattened len 338464
[0, 1.3, 0, 0, 0, 0, 1.76, 0, 0, 0, 0, ..., 0, 0, 0, 0, 0.87, 0, 0, 0, 0, 0, 0]
MC_n_c
precut len 52965
[[2, 2, 2], [0], [2, 2, 2, 2, 2, 2], ..., [...], [2, 2, 2, 2, 2, 2], [0, 0, 0]]
flattened len 338464
[2, 2, 2, 0, 2, 2, 2, 2, 2, 2, 0, 0, 0, ..., 0, 0, 0, 2, 2, 2, 2, 2, 2, 0, 0, 0]
label_BB
precut len 52965
[[False, False, False], [False], ..., [False, ...], [False, False, False]]
flattened len 338464
[False, False, False, False, False, ..., False, False, False, False, False]
label_CC
precut len 52965
[[False, True, False], [False], ..., [False, ..., False], [False, False, False]]
flattened len 338464
[False, True, False, False, False, ..., False, False, False, False, False]
label_bb
precut len 52965
[[False, False, True], [False], ..., [False, ..., False], [False, False, False]]
flattened len 338464
[False, False, True, False, False, ..., False, False, False, False, False]
label_bx
precut len 52965
[[True, False, False], [True], ..., [False, ..., False], [False, False, False]]
flattened len 338464
[True, False, False, True, False, False, ..., False, False, False, False, False]
label_cx
precut len 52965
[[False, False, False], [False], ..., [True, ..., True], [False, False, False]]
flattened len 338464
[False, False, False, False, True, True, ..., True, True, False, False, False]
label_ll
precut len 52965
[[False, False, False], [False], ..., [False, ..., False], [True, True, True]]
flattened len 338464
[False, False, False, False, False, False, ..., False, False, True, True, True]
event
precut len 21752
[[2.93e+07], ..., [5.04e+07, 5.04e+07, 5.04e+07, ..., 5.04e+07, 5.04e+07]]
flattened len 150867
[2.93e+07, 2.93e+07, 2.93e+07, 2.93e+07, ..., 5.04e+07, 5.04e+07, 5.04e+07]
genweight
precut len 21752
[[1], [1, 1, 1, 1, 1, 1, 1, ..., 1, 1, 1, 1, 1, 1, 1], ..., [1, 1, 1, 1, 1, 1]]
flattened len 150867
[1, 1, 1, 1, 1, 1, 1, 1, 1, 1, 1, 1, 1, ..., 1, 1, 1, 1, 1, 1, 1, 1, 1, 1, 1, 1]
run
precut len 21752
[[1], [1, 1, 1, 1, 1, 1, 1, ..., 1, 1, 1, 1, 1, 1, 1], ..., [1, 1, 1, 1, 1, 1]]
flattened len 150867
[1, 1, 1, 1, 1, 1, 1, 1, 1, 1, 1, 1, 1, ..., 1, 1, 1, 1, 1, 1, 1, 1, 1, 1, 1, 1]
Pileup_nPU
precut len 21752
[[28], [40, 40, 40, 40, 40, ..., 40, 40, 40, 40], ..., [54, 54, 54, 54, 54, 54]]
flattened len 150867
[28, 40, 40, 40, 40, 40, 40, 40, 40, ..., 44, 44, 44, 54, 54, 54, 54, 54, 54]
pv_n
precut len 21752
[[22], [29, 29, 29, 29, 29, ..., 29, 29, 29, 29], ..., [47, 47, 47, 47, 47, 47]]
flattened len 150867
[22, 29, 29, 29, 29, 29, 29, 29, 29, ..., 37, 37, 37, 47, 47, 47, 47, 47, 47]
pv_ngood
precut len 21752
[[21], [26, 26, 26, 26, 26, ..., 26, 26, 26, 26], ..., [41, 41, 41, 41, 41, 41]]
flattened len 150867
[21, 26, 26, 26, 26, 26, 26, 26, 26, ..., 35, 35, 35, 41, 41, 41, 41, 41, 41]
fgrfcc
precut len 21752
[[18.2], [19.4, 19.4, ..., 19.4], ..., [27.2, 27.2, 27.2, 27.2, 27.2, 27.2]]
flattened len 150867
[18.2, 19.4, 19.4, 19.4, 19.4, 19.4, ..., 27.2, 27.2, 27.2, 27.2, 27.2, 27.2]
fgrfccpu
precut len 21752
[[13.6], [13.9, 13.9, ..., 13.9], ..., [25.4, 25.4, 25.4, 25.4, 25.4, 25.4]]
flattened len 150867
[13.6, 13.9, 13.9, 13.9, 13.9, 13.9, ..., 25.4, 25.4, 25.4, 25.4, 25.4, 25.4]
jet1
precut len 21752
[[{phi: -1.2, eta: 0.0387, pt: 282, energy: 283, nparticles: 16, ...}], ...]
flattened len 150867
[{phi: -1.2, eta: 0.0387, pt: 282, energy: 283, nparticles: 16, ...}, ...]
jet2
precut len 21752
[[{phi: 1.94, eta: 1.43, pt: 281, energy: 623, nparticles: 29, ...}], ...]
flattened len 150867
[{phi: 1.94, eta: 1.43, pt: 281, energy: 623, nparticles: 29, ...}, ..., {...}]
dijet
precut len 21752
[[{eta: 3.98, phi: -1.21, pt: 18.6, mass: 633, nparticles: 1, ...}], ..., [...]]
flattened len 150867
[{eta: 3.98, phi: -1.21, pt: 18.6, mass: 633, nparticles: 1, ...}, ..., {...}]
part
precut len 21752
[[[{phi: -1.24, eta: 1.31, pt: 2.46, charge: 0, pid: 130, ...}]], ..., [...]]
flattened len 150867
[[{phi: -1.24, eta: 1.31, pt: 2.46, charge: 0, pid: 130, d0val: -1, ...}], ...]
sv
precut len 21752
[[[{charge: -2, chi2: 0.0255, dlen: 0.944, dlenSig: 42.5, ...}, ...]], ...]
flattened len 150867
[[{charge: -2, chi2: 0.0255, dlen: 0.944, dlenSig: 42.5, ...}, ..., {...}], ...]
MC_physics_process
precut len 21752
[[0], [0, 0, 0, 0, 0, 0, 0, ..., 0, 0, 0, 0, 0, 0, 0], ..., [0, 0, 0, 0, 0, 0]]
flattened len 150867
[0, 0, 0, 0, 0, 0, 0, 0, 0, 0, 0, 0, 0, ..., 0, 0, 0, 0, 0, 0, 0, 0, 0, 0, 0, 0]
MC_higgs_pt
precut len 21752
[[0], [0, 0, 373, 373, ..., 354, 373, 373, 354], ..., [0, 0, 214, 228, 0, 0]]
flattened len 150867
[0, 0, 0, 373, 373, 373, 354, 0, 354, 354, ..., 0, 0, 0, 0, 0, 214, 228, 0, 0]
MC_higgs_eta
precut len 21752
[[0], [-0, -0, ..., -0.586, -0.0388], ..., [-0, -0, -0.82, -0.621, -0, -0]]
flattened len 150867
[0, -0, -0, -0.586, -0.586, -0.586, -0.0388, ..., -0, -0, -0.82, -0.621, -0, -0]
MC_higgs_phi
precut len 21752
[[0], [0, 0, 1.03, ..., 1.03, 1.03, -2.05], ..., [0, 0, -0.873, 2.25, 0, 0]]
flattened len 150867
[0, 0, 0, 1.03, 1.03, 1.03, -2.05, 0, ..., 0, 0, 0, 0, -0.873, 2.25, 0, 0]
MC_higgs_mass
precut len 21752
[[0], [0, 0, 133, 133, ..., 133, 133, 133, 133], ..., [0, 0, 237, 237, 0, 0]]
flattened len 150867
[0, 0, 0, 133, 133, 133, 133, 0, 133, 133, ..., 0, 0, 0, 0, 0, 237, 237, 0, 0]
MC_higgs_flav
precut len 21752
[[0], [0, 0, 4, 4, 4, 5, 0, ..., 5, 0, 5, 5, 4, 4, 5], ..., [0, 0, 4, 4, 0, 0]]
flattened len 150867
[0, 0, 0, 4, 4, 4, 5, 0, 5, 5, 0, 5, 5, ..., 0, 0, 0, 0, 0, 0, 0, 0, 4, 4, 0, 0]
MC_higgs_valid
precut len 21752
[[False], [False, ..., True], ..., [False, False, True, True, False, False]]
flattened len 150867
[False, False, False, True, True, True, ..., False, True, True, False, False]
MC_vector_flav
precut len 21752
[[0], [0, 0, 0, 0, 0, 0, 0, ..., 0, 0, 0, 0, 0, 0, 0], ..., [0, 0, 0, 0, 0, 0]]
flattened len 150867
[0, 0, 0, 0, 0, 0, 0, 0, 0, 0, 0, 0, 0, ..., 0, 0, 0, 0, 0, 0, 0, 0, 0, 0, 0, 0]
MC_lepton_channel
precut len 21752
[[-1], [-1, -1, -1, -1, -1, ..., -1, -1, -1, -1], ..., [-1, -1, -1, -1, -1, -1]]
flattened len 150867
[-1, -1, -1, -1, -1, -1, -1, -1, -1, ..., -1, -1, -1, -1, -1, -1, -1, -1, -1]
MC_gendijet_pt
precut len 21752
[[8.28], [128, 110, 365, ..., 90.6, 13.1], ..., [109, 118, 215, 224, 133, 88.9]]
flattened len 150867
[8.28, 128, 110, 365, 262, 261, 349, ..., 61.5, 109, 118, 215, 224, 133, 88.9]
MC_gendijet_eta
precut len 21752
[[4.9], [-1.26, ...], ..., [-0.223, -0.799, -0.764, -0.465, -1.13, -1.81]]
flattened len 150867
[4.9, -1.26, -1.44, -0.582, -0.856, ..., -0.799, -0.764, -0.465, -1.13, -1.81]
MC_gendijet_phi
precut len 21752
[[-1.24], [0.11, ..., -2.33], ..., [-2.17, -0.593, -0.888, 2.36, 2.71, 1.13]]
flattened len 150867
[-1.24, 0.11, 1.3, 1.05, 1.05, 0.847, ..., -0.593, -0.888, 2.36, 2.71, 1.13]
MC_gendijet_mass
precut len 21752
[[702], [484, 443, 115, ..., 95, 126, 105], ..., [341, 274, 225, 175, 263, 126]]
flattened len 150867
[702, 484, 443, 115, 145, 238, 134, 294, ..., 122, 341, 274, 225, 175, 263, 126]
MC_genjet1_flav
precut len 21752
[[-4], [-4, -4, -4, -4, -4, -5, ..., 5, 5, 4, 4, 21], ..., [4, 4, 4, 4, 4, -4]]
flattened len 150867
[-4, -4, -4, -4, -4, -4, -5, -5, -5, -5, ..., 4, 21, 21, 5, 4, 4, 4, 4, 4, -4]
MC_genjet2_flav
precut len 21752
[[4], [-5, 5, 4, 21, 21, ..., 21, 21, 21, 21, 21], ..., [4, -4, -4, -4, -4, -4]]
flattened len 150867
[4, -5, 5, 4, 21, 21, 5, 4, 21, 21, ..., 21, 5, 21, 21, 4, -4, -4, -4, -4, -4]
MC_genjet1_matched
precut len 21752
[[True], [True, True, ..., True], ..., [True, True, True, True, True, True]]
flattened len 150867
[True, True, True, True, True, True, ..., True, True, True, True, True, True]
MC_genjet2_matched
precut len 21752
[[True], [True, True, ..., True], ..., [True, True, True, True, True, True]]
flattened len 150867
[True, True, True, True, True, True, ..., True, True, True, True, True, True]
MC_drqq
precut len 21752
[[0], [0, 0, 0.872, ..., 0.872, 0.872, 0.718], ..., [0, 0, 2.31, 1.74, 0, 0]]
flattened len 150867
[0, 0, 0, 0.872, 0.872, 0.872, 0.718, 0, ..., 0, 0, 0, 0, 2.31, 1.74, 0, 0]
MC_n_c
precut len 21752
[[2], [2, 2, 2, 2, 2, 2, 2, ..., 2, 2, 2, 2, 2, 2, 2], ..., [4, 4, 4, 4, 4, 4]]
flattened len 150867
[2, 2, 2, 2, 2, 2, 2, 2, 2, 2, 2, 2, 2, ..., 1, 1, 1, 1, 1, 1, 4, 4, 4, 4, 4, 4]
label_BB
precut len 21752
[[False], [False, ..., True], ..., [False, False, False, False, False, False]]
flattened len 150867
[False, False, False, False, False, ..., False, False, False, False, False]
label_CC
precut len 21752
[[False], [False, ..., False], ..., [False, False, True, True, False, False]]
flattened len 150867
[False, False, False, True, True, True, ..., False, True, True, False, False]
label_bb
precut len 21752
[[False], [True, ..., False], ..., [False, False, False, False, False, False]]
flattened len 150867
[False, True, True, False, False, False, ..., False, False, False, False, False]
label_bx
precut len 21752
[[False], [False, ..., False], ..., [False, False, False, False, False, False]]
flattened len 150867
[False, False, False, False, False, ..., False, False, False, False, False]
label_cx
precut len 21752
[[True], [False, ..., False], ..., [True, True, False, False, True, True]]
flattened len 150867
[True, False, False, False, False, False, ..., True, False, False, True, True]
label_ll
precut len 21752
[[False], [False, ..., False], ..., [False, False, False, False, False, False]]
flattened len 150867
[False, False, False, False, False, ..., False, False, False, False, False]

** Written 489331 PAIReD jets to the output file in 147.48 seconds
** Computing time per PAIReD jet: 0.301 milliseconds
** Computing time per event: 1.715 milliseconds

*****************************************************************
  End makeNtuplesPAIReDjointMC()
*****************************************************************

