
*****************************************************************
  Start makeNtuplesPAIReDjointMC()
*****************************************************************

** Open input file: PFNano.root
** Create output file: PAIReD.root
** Create tree "tree" entitled "PAIReD jets for training" in output file
** Total number of events: 6000
** Process all events
** Batch size: 100 MB
** Physics process: 0
** PAIReD geometry: Ellipse

** Start processing data
process event batch 0
part [[[]], ..., [[], ..., [{phi: 1.24, eta: 2.09, pt: 106, charge: -1, ...}, ...]]]
---------------------------------
event

precut len 5329
[[2.4e+07], [2.4e+07, ..., 2.4e+07], ..., [...], [2.49e+07, 2.49e+07, 2.49e+07]]

flattened precut len 38475
[2.4e+07, 2.4e+07, 2.4e+07, 2.4e+07, ..., 2.49e+07, 2.49e+07, 2.49e+07]

postcut len 3076
[[2.4e+07], [2.4e+07, ..., 2.4e+07], ..., [...], [2.49e+07, 2.49e+07, 2.49e+07]]

flattened len 27506
[2.4e+07, 2.4e+07, 2.4e+07, 2.4e+07, ..., 2.49e+07, 2.49e+07, 2.49e+07]

---------------------------------
genweight

precut len 5329
[[1], [1, 1, 1, 1, 1, 1], [1, 1, ..., 1, 1], ..., [1, 1, 1, 1, 1, 1], [1, 1, 1]]

flattened precut len 38475
[1, 1, 1, 1, 1, 1, 1, 1, 1, 1, 1, 1, 1, ..., 1, 1, 1, 1, 1, 1, 1, 1, 1, 1, 1, 1]

postcut len 3076
[[1], [1, 1, 1, 1, 1, 1], [1, 1, ..., 1, 1], ..., [1, 1, 1, 1, 1, 1], [1, 1, 1]]

flattened len 27506
[1, 1, 1, 1, 1, 1, 1, 1, 1, 1, 1, 1, 1, ..., 1, 1, 1, 1, 1, 1, 1, 1, 1, 1, 1, 1]

---------------------------------
run

precut len 5329
[[1], [1, 1, 1, 1, 1, 1], [1, 1, ..., 1, 1], ..., [1, 1, 1, 1, 1, 1], [1, 1, 1]]

flattened precut len 38475
[1, 1, 1, 1, 1, 1, 1, 1, 1, 1, 1, 1, 1, ..., 1, 1, 1, 1, 1, 1, 1, 1, 1, 1, 1, 1]

postcut len 3076
[[1], [1, 1, 1, 1, 1, 1], [1, 1, ..., 1, 1], ..., [1, 1, 1, 1, 1, 1], [1, 1, 1]]

flattened len 27506
[1, 1, 1, 1, 1, 1, 1, 1, 1, 1, 1, 1, 1, ..., 1, 1, 1, 1, 1, 1, 1, 1, 1, 1, 1, 1]

---------------------------------
Pileup_nPU

precut len 5329
[[32], [17, 17, 17, 17, 17, 17], ..., [34, 34, 34, ..., 34, 34], [44, 44, 44]]

flattened precut len 38475
[32, 17, 17, 17, 17, 17, 17, 47, 47, ..., 34, 34, 34, 34, 34, 34, 44, 44, 44]

postcut len 3076
[[32], [17, 17, 17, 17, 17, 17], ..., [34, 34, 34, ..., 34, 34], [44, 44, 44]]

flattened len 27506
[17, 17, 17, 17, 17, 17, 47, 47, 47, ..., 34, 34, 34, 34, 34, 34, 44, 44, 44]

---------------------------------
pv_n

precut len 5329
[[25], [17, 17, 17, 17, 17, 17], ..., [27, 27, 27, ..., 27, 27], [36, 36, 36]]

flattened precut len 38475
[25, 17, 17, 17, 17, 17, 17, 31, 31, ..., 27, 27, 27, 27, 27, 27, 36, 36, 36]

postcut len 3076
[[25], [17, 17, 17, 17, 17, 17], ..., [27, 27, 27, ..., 27, 27], [36, 36, 36]]

flattened len 27506
[17, 17, 17, 17, 17, 17, 31, 31, 31, ..., 27, 27, 27, 27, 27, 27, 36, 36, 36]

---------------------------------
pv_ngood

precut len 5329
[[22], [15, 15, 15, 15, 15, 15], ..., [25, 25, 25, ..., 25, 25], [33, 33, 33]]

flattened precut len 38475
[22, 15, 15, 15, 15, 15, 15, 29, 29, ..., 25, 25, 25, 25, 25, 25, 33, 33, 33]

postcut len 3076
[[22], [15, 15, 15, 15, 15, 15], ..., [25, 25, 25, ..., 25, 25], [33, 33, 33]]

flattened len 27506
[15, 15, 15, 15, 15, 15, 29, 29, 29, ..., 25, 25, 25, 25, 25, 25, 33, 33, 33]

---------------------------------
fgrfcc

precut len 5329
[[18], [15.1, 15.1, 15.1, 15.1, 15.1, 15.1], ..., [20.7, ...], [24, 24, 24]]

flattened precut len 38475
[18, 15.1, 15.1, 15.1, 15.1, 15.1, 15.1, ..., 20.7, 20.7, 20.7, 24, 24, 24]

postcut len 3076
[[18], [15.1, 15.1, 15.1, 15.1, 15.1, 15.1], ..., [20.7, ...], [24, 24, 24]]

flattened len 27506
[15.1, 15.1, 15.1, 15.1, 15.1, 15.1, 22.1, ..., 20.7, 20.7, 20.7, 24, 24, 24]

---------------------------------
fgrfccpu

precut len 5329
[[12.1], [8.5, 8.5, 8.5, 8.5, 8.5, 8.5], ..., [16.5, ...], [17.3, 17.3, 17.3]]

flattened precut len 38475
[12.1, 8.5, 8.5, 8.5, 8.5, 8.5, 8.5, ..., 16.5, 16.5, 16.5, 17.3, 17.3, 17.3]

postcut len 3076
[[12.1], [8.5, 8.5, 8.5, 8.5, 8.5, 8.5], ..., [16.5, ...], [17.3, 17.3, 17.3]]

flattened len 27506
[8.5, 8.5, 8.5, 8.5, 8.5, 8.5, 18.3, ..., 16.5, 16.5, 16.5, 17.3, 17.3, 17.3]

---------------------------------
jet1

precut len 5329
[[{phi: 1.86, eta: 0.52, pt: 143, energy: 164, nparticles: 19, ...}], ...]

flattened precut len 38475
[{phi: 1.86, eta: 0.52, pt: 143, energy: 164, nparticles: 19, ...}, ..., {...}]

postcut len 3076
[[{phi: 1.86, eta: 0.52, pt: 143, energy: 164, nparticles: 19, ...}], ...]

flattened len 27506
[{phi: 2.38, eta: 0.177, pt: 118, energy: 120, nparticles: 12, ...}, ..., {...}]

---------------------------------
jet2

precut len 5329
[[{phi: -2.24, eta: 1.28, pt: 94.9, energy: 184, nparticles: 24, ...}], ...]

flattened precut len 38475
[{phi: -2.24, eta: 1.28, pt: 94.9, energy: 184, nparticles: 24, ...}, ...]

postcut len 3076
[[{phi: -2.24, eta: 1.28, pt: 94.9, energy: 184, nparticles: 24, ...}], ...]

flattened len 27506
[{phi: -1.21, eta: 1.39, pt: 106, energy: 226, nparticles: 17, ...}, ..., {...}]

---------------------------------
dijet

precut len 5329
[[{eta: 1.41, phi: 2.55, pt: 107, mass: 203, nparticles: 0, ...}], ..., [...]]

flattened precut len 38475
[{eta: 1.41, phi: 2.55, pt: 107, mass: 203, nparticles: 0, ...}, ..., {...}]

postcut len 3076
[[{eta: 1.41, phi: 2.55, pt: 107, mass: 203, nparticles: 0, ...}], ..., [...]]

flattened len 27506
[{eta: 1.64, phi: -2.92, pt: 79.6, mass: 264, nparticles: 16, ...}, ..., {...}]

---------------------------------
part

precut len 5329
[[[]], ..., [[], ..., [{phi: 1.24, eta: 2.09, pt: 106, charge: -1, ...}, ...]]]

flattened precut len 38475
[[], ..., [{phi: 1.24, eta: 2.09, pt: 106, charge: -1, pid: 13, ...}, ...]]

postcut len 3076
[[[]], ..., [[], ..., [{phi: 1.24, eta: 2.09, pt: 106, charge: -1, ...}, ...]]]

flattened len 27506
[[{phi: -3, eta: 0.231, pt: 6.67, charge: 1, pid: 211, ...}, ..., {...}], ...]

---------------------------------
sv

precut len 5329
[[[]], ..., [[{charge: -1, chi2: 0.592, dlen: 1.49, ...}, ..., {...}], ...]]

flattened precut len 38475
[[], ..., [{charge: 1, chi2: 0.113, dlen: 1.83, dlenSig: 41.7, ...}, ...]]

postcut len 3076
[[[]], ..., [[{charge: -1, chi2: 0.592, dlen: 1.49, ...}, ..., {...}], ...]]

flattened len 27506
[[{charge: 1, chi2: 0.588, dlen: 0.35, dlenSig: 10.1, dxy: ..., ...}, ...], ...]

---------------------------------
MC_physics_process

precut len 5329
[[0], [0, 0, 0, 0, 0, 0], [0, 0, ..., 0, 0], ..., [0, 0, 0, 0, 0, 0], [0, 0, 0]]

flattened precut len 38475
[0, 0, 0, 0, 0, 0, 0, 0, 0, 0, 0, 0, 0, ..., 0, 0, 0, 0, 0, 0, 0, 0, 0, 0, 0, 0]

postcut len 3076
[[0], [0, 0, 0, 0, 0, 0], [0, 0, ..., 0, 0], ..., [0, 0, 0, 0, 0, 0], [0, 0, 0]]

flattened len 27506
[0, 0, 0, 0, 0, 0, 0, 0, 0, 0, 0, 0, 0, ..., 0, 0, 0, 0, 0, 0, 0, 0, 0, 0, 0, 0]

---------------------------------
MC_higgs_pt

precut len 5329
[[0], [0, 0, 0, 207, 0, 0], [...], ..., [0, 0, 0, 426, 0, 426], [0, 251, 0]]

flattened precut len 38475
[0, 0, 0, 0, 207, 0, 0, 207, 207, 0, ..., 0, 0, 0, 0, 426, 0, 426, 0, 251, 0]

postcut len 3076
[[0], [0, 0, 0, 207, 0, 0], [...], ..., [0, 0, 0, 426, 0, 426], [0, 251, 0]]

flattened len 27506
[0, 0, 0, 207, 0, 0, 207, 207, 0, 207, ..., 0, 0, 0, 0, 426, 0, 426, 0, 251, 0]

---------------------------------
MC_higgs_eta

precut len 5329
[[0], [0, 0, 0, 0.982, 0, 0], ..., [-0, -0, -0, ..., -0, -0.598], [0, 1.64, 0]]

flattened precut len 38475
[0, 0, 0, 0, 0.982, 0, 0, 2.35, ..., -0, -0, -0.598, -0, -0.598, 0, 1.64, 0]

postcut len 3076
[[0], [0, 0, 0, 0.982, 0, 0], ..., [-0, -0, -0, ..., -0, -0.598], [0, 1.64, 0]]

flattened len 27506
[0, 0, 0, 0.982, 0, 0, 2.35, 2.35, ..., -0, -0, -0.598, -0, -0.598, 0, 1.64, 0]

---------------------------------
MC_higgs_phi

precut len 5329
[[0], [0, 0, 0, -0.535, 0, 0], ..., [0, 0, 0, 2.2, 0, 2.2], [0, -0.783, 0]]

flattened precut len 38475
[0, 0, 0, 0, -0.535, 0, 0, -0.379, -0.379, ..., 0, 0, 2.2, 0, 2.2, 0, -0.783, 0]

postcut len 3076
[[0], [0, 0, 0, -0.535, 0, 0], ..., [0, 0, 0, 2.2, 0, 2.2], [0, -0.783, 0]]

flattened len 27506
[0, 0, 0, -0.535, 0, 0, -0.379, -0.379, ..., 0, 0, 2.2, 0, 2.2, 0, -0.783, 0]

---------------------------------
MC_higgs_mass

precut len 5329
[[0], [0, 0, 0, 227, 0, 0], [...], ..., [0, 0, 0, 239, 0, 239], [0, 239, 0]]

flattened precut len 38475
[0, 0, 0, 0, 227, 0, 0, 227, 227, 0, ..., 0, 0, 0, 0, 239, 0, 239, 0, 239, 0]

postcut len 3076
[[0], [0, 0, 0, 227, 0, 0], [...], ..., [0, 0, 0, 239, 0, 239], [0, 239, 0]]

flattened len 27506
[0, 0, 0, 227, 0, 0, 227, 227, 0, 227, ..., 0, 0, 0, 0, 239, 0, 239, 0, 239, 0]

---------------------------------
MC_higgs_flav

precut len 5329
[[0], [0, 0, 0, 4, 0, 0], [5, 5, ..., 0, 0], ..., [0, 0, 0, 5, 0, 5], [0, 5, 0]]

flattened precut len 38475
[0, 0, 0, 0, 4, 0, 0, 5, 5, 0, 5, 0, 0, ..., 5, 0, 0, 0, 0, 0, 5, 0, 5, 0, 5, 0]

postcut len 3076
[[0], [0, 0, 0, 4, 0, 0], [5, 5, ..., 0, 0], ..., [0, 0, 0, 5, 0, 5], [0, 5, 0]]

flattened len 27506
[0, 0, 0, 4, 0, 0, 5, 5, 0, 5, 0, 0, 0, ..., 5, 0, 0, 0, 0, 0, 5, 0, 5, 0, 5, 0]

---------------------------------
MC_higgs_valid

precut len 5329
[[False], [False, False, True, ..., False, False], ..., [True, True, False]]

flattened precut len 38475
[False, False, False, True, True, False, ..., True, True, True, True, False]

postcut len 3076
[[False], [False, False, True, ..., False, False], ..., [True, True, False]]

flattened len 27506
[False, False, True, True, False, False, ..., True, True, True, True, False]

---------------------------------
MC_vector_flav

precut len 5329
[[0], [0, 0, 0, 0, 0, 0], [0, 0, ..., 0, 0], ..., [0, 0, 0, 0, 0, 0], [0, 0, 0]]

flattened precut len 38475
[0, 0, 0, 0, 0, 0, 0, 0, 0, 0, 0, 0, 0, ..., 0, 0, 0, 0, 0, 0, 0, 0, 0, 0, 0, 0]

postcut len 3076
[[0], [0, 0, 0, 0, 0, 0], [0, 0, ..., 0, 0], ..., [0, 0, 0, 0, 0, 0], [0, 0, 0]]

flattened len 27506
[0, 0, 0, 0, 0, 0, 0, 0, 0, 0, 0, 0, 0, ..., 0, 0, 0, 0, 0, 0, 0, 0, 0, 0, 0, 0]

---------------------------------
MC_lepton_channel

precut len 5329
[[-1], [-1, -1, -1, -1, -1, -1], ..., [-1, -1, -1, ..., -1, -1], [-1, -1, -1]]

flattened precut len 38475
[-1, -1, -1, -1, -1, -1, -1, -1, -1, ..., -1, -1, -1, -1, -1, -1, -1, -1, -1]

postcut len 3076
[[-1], [-1, -1, -1, -1, -1, -1], ..., [-1, -1, -1, ..., -1, -1], [-1, -1, -1]]

flattened len 27506
[-1, -1, -1, -1, -1, -1, -1, -1, -1, ..., -1, -1, -1, -1, -1, -1, -1, -1, -1]

---------------------------------
MC_gendijet_pt

precut len 5329
[[128], [46.3, 98.1, 121, 197, 101, 114], ..., [459, ...], [209, 239, 43.8]]

flattened precut len 38475
[128, 46.3, 98.1, 121, 197, 101, 114, ..., 550, 538, 346, 277, 209, 239, 43.8]

postcut len 3076
[[128], [46.3, 98.1, 121, 197, 101, 114], ..., [459, ...], [209, 239, 43.8]]

flattened len 27506
[46.3, 98.1, 121, 197, 101, 114, 204, ..., 550, 538, 346, 277, 209, 239, 43.8]

---------------------------------
MC_gendijet_eta

precut len 5329
[[1.36], [2.23, 0.366, 0.198, 0.931, 1.43, 0.207], ..., [1.52, 1.64, 2.86]]

flattened precut len 38475
[1.36, 2.23, 0.366, 0.198, 0.931, 1.43, ..., -0.196, -0.656, 1.52, 1.64, 2.86]

postcut len 3076
[[1.36], [2.23, 0.366, 0.198, 0.931, 1.43, 0.207], ..., [1.52, 1.64, 2.86]]

flattened len 27506
[2.23, 0.366, 0.198, 0.931, 1.43, 0.207, ..., -0.196, -0.656, 1.52, 1.64, 2.86]

---------------------------------
MC_gendijet_phi

precut len 5329
[[2.7], [-2.6, 0.882, 2.55, ..., -1.45, -0.00795], ..., [-2.23, -0.824, 2.07]]

flattened precut len 38475
[2.7, -2.6, 0.882, 2.55, -0.484, -1.45, ..., 2.89, 1.91, -2.23, -0.824, 2.07]

postcut len 3076
[[2.7], [-2.6, 0.882, 2.55, ..., -1.45, -0.00795], ..., [-2.23, -0.824, 2.07]]

flattened len 27506
[-2.6, 0.882, 2.55, -0.484, -1.45, ..., 2.89, 1.91, -2.23, -0.824, 2.07]

---------------------------------
MC_gendijet_mass

precut len 5329
[[220], [243, 223, 50, 213, 101, 118], ..., [754, ..., 179], [304, 228, 310]]

flattened precut len 38475
[220, 243, 223, 50, 213, 101, 118, 250, ..., 185, 342, 134, 179, 304, 228, 310]

postcut len 3076
[[220], [243, 223, 50, 213, 101, 118], ..., [754, ..., 179], [304, 228, 310]]

flattened len 27506
[243, 223, 50, 213, 101, 118, 250, 209, ..., 185, 342, 134, 179, 304, 228, 310]

---------------------------------
MC_genjet1_flav

precut len 5329
[[-1], [-5, -5, -5, -4, -4, 4], [5, ...], ..., [2, 2, 2, -5, -5, 5], [5, 5, -4]]

flattened precut len 38475
[-1, -5, -5, -5, -4, -4, 4, 5, 5, 5, 5, ..., -5, 2, 2, 2, -5, -5, 5, 5, 5, -4]

postcut len 3076
[[-1], [-5, -5, -5, -4, -4, 4], [5, ...], ..., [2, 2, 2, -5, -5, 5], [5, 5, -4]]

flattened len 27506
[-5, -5, -5, -4, -4, 4, 5, 5, 5, 5, 21, ..., -5, 2, 2, 2, -5, -5, 5, 5, 5, -4]

---------------------------------
MC_genjet2_flav

precut len 5329
[[1], [-4, 4, -4, 4, -4, -4], [...], ..., [-5, 5, 21, 5, 21, 21], [-4, -5, -5]]

flattened precut len 38475
[1, -4, 4, -4, 4, -4, -4, 21, -5, 0, ..., 21, -5, 5, 21, 5, 21, 21, -4, -5, -5]

postcut len 3076
[[1], [-4, 4, -4, 4, -4, -4], [...], ..., [-5, 5, 21, 5, 21, 21], [-4, -5, -5]]

flattened len 27506
[-4, 4, -4, 4, -4, -4, 21, -5, 0, 21, ..., 21, -5, 5, 21, 5, 21, 21, -4, -5, -5]

---------------------------------
MC_genjet1_matched

precut len 5329
[[True], [True, True, True, True, True, True], ..., [...], [True, True, True]]

flattened precut len 38475
[True, True, True, True, True, True, ..., True, True, True, True, True, True]

postcut len 3076
[[True], [True, True, True, True, True, True], ..., [...], [True, True, True]]

flattened len 27506
[True, True, True, True, True, True, ..., True, True, True, True, True, True]

---------------------------------
MC_genjet2_matched

precut len 5329
[[True], [True, True, True, True, True, True], ..., [...], [True, True, True]]

flattened precut len 38475
[True, True, True, True, True, True, ..., True, True, True, True, True, True]

postcut len 3076
[[True], [True, True, True, True, True, True], ..., [...], [True, True, True]]

flattened len 27506
[True, True, True, True, True, True, ..., True, True, True, True, True, True]

---------------------------------
MC_drqq

precut len 5329
[[0], [0, 0, 0, 1.78, 0, 0], [...], ..., [0, 0, 0, 1.05, 0, 1.05], [0, 1.54, 0]]

flattened precut len 38475
[0, 0, 0, 0, 1.78, 0, 0, 2.34, 2.34, 0, ..., 0, 0, 0, 1.05, 0, 1.05, 0, 1.54, 0]

postcut len 3076
[[0], [0, 0, 0, 1.78, 0, 0], [...], ..., [0, 0, 0, 1.05, 0, 1.05], [0, 1.54, 0]]

flattened len 27506
[0, 0, 0, 1.78, 0, 0, 2.34, 2.34, 0, ..., 0, 0, 0, 1.05, 0, 1.05, 0, 1.54, 0]

---------------------------------
MC_n_c

precut len 5329
[[0], [3, 3, 3, 3, 3, 3], [0, 0, ..., 0, 0], ..., [0, 0, 0, 0, 0, 0], [1, 1, 1]]

flattened precut len 38475
[0, 3, 3, 3, 3, 3, 3, 0, 0, 0, 0, 0, 0, ..., 0, 0, 0, 0, 0, 0, 0, 0, 0, 1, 1, 1]

postcut len 3076
[[0], [3, 3, 3, 3, 3, 3], [0, 0, ..., 0, 0], ..., [0, 0, 0, 0, 0, 0], [1, 1, 1]]

flattened len 27506
[3, 3, 3, 3, 3, 3, 0, 0, 0, 0, 0, 0, 0, ..., 0, 0, 0, 0, 0, 0, 0, 0, 0, 1, 1, 1]

---------------------------------
label_BB

precut len 5329
[[False], [False, False, False, ..., False, False], ..., [False, True, False]]

flattened precut len 38475
[False, False, False, False, False, False, ..., False, True, False, True, False]

postcut len 3076
[[False], [False, False, False, ..., False, False], ..., [False, True, False]]

flattened len 27506
[False, False, False, False, False, False, ..., False, True, False, True, False]

---------------------------------
label_CC

precut len 5329
[[False], [False, False, False, ..., False, False], ..., [False, False, False]]

flattened precut len 38475
[False, False, False, False, True, ..., False, False, False, False, False]

postcut len 3076
[[False], [False, False, False, ..., False, False], ..., [False, False, False]]

flattened len 27506
[False, False, False, True, False, ..., False, False, False, False, False]

---------------------------------
label_bb

precut len 5329
[[False], [True, False, False, ..., True, False], ..., [False, False, False]]

flattened precut len 38475
[False, True, False, False, False, True, ..., False, False, False, False, False]

postcut len 3076
[[False], [True, False, False, ..., True, False], ..., [False, False, False]]

flattened len 27506
[True, False, False, False, True, False, ..., False, False, False, False, False]

---------------------------------
label_bx

precut len 5329
[[False], [False, True, True, ..., False, True], ..., [True, False, True]]

flattened precut len 38475
[False, False, True, True, False, False, ..., True, False, True, False, True]

postcut len 3076
[[False], [False, True, True, ..., False, True], ..., [True, False, True]]

flattened len 27506
[False, True, True, False, False, True, ..., True, False, True, False, True]

---------------------------------
label_cx

precut len 5329
[[False], [False, False, False, ..., False, False], ..., [False, False, False]]

flattened precut len 38475
[False, False, False, False, False, ..., False, False, False, False, False]

postcut len 3076
[[False], [False, False, False, ..., False, False], ..., [False, False, False]]

flattened len 27506
[False, False, False, False, False, ..., False, False, False, False, False]

---------------------------------
label_ll

precut len 5329
[[True], [False, False, False, ..., False, False], ..., [False, False, False]]

flattened precut len 38475
[True, False, False, False, False, ..., False, False, False, False, False]

postcut len 3076
[[True], [False, False, False, ..., False, False], ..., [False, False, False]]

flattened len 27506
[False, False, False, False, False, ..., False, False, False, False, False]


** Written 27506 PAIReD jets to the output file in 9.88 seconds
** Computing time per PAIReD jet: 0.359 milliseconds
** Computing time per event: 1.646 milliseconds

*****************************************************************
  End makeNtuplesPAIReDjointMC()
*****************************************************************

