
*****************************************************************
  Start makeNtuplesPAIReDjointMC()
*****************************************************************

** Open input file: PFNano.root
** Create output file: PAIReD.root
** Create tree "tree" entitled "PAIReD jets for training" in output file
** Total number of events: 6000
** Process all events
** Batch size: 100 MB
** Physics process: 0
** PAIReD geometry: Ellipse

** Start processing data
process event batch 0
part [[[]], ..., [[{phi: -0.222, eta: 0.874, pt: 206, charge: 1, ...}, ..., {...}]]]
---------------------------------
event

precut len 5077
[[2.5e+07], [2.5e+07, 2.5e+07, 2.5e+07], ..., [2.68e+07, ...], [2.68e+07]]

flattened precut len 29147
[2.5e+07, 2.5e+07, 2.5e+07, 2.5e+07, ..., 2.68e+07, 2.68e+07, 2.68e+07]

postcut len 2903
[[2.5e+07], [2.5e+07, 2.5e+07, 2.5e+07], ..., [2.68e+07, ...], [2.68e+07]]

flattened len 21168
[2.5e+07, 2.5e+07, 2.5e+07, 2.5e+07, ..., 2.68e+07, 2.68e+07, 2.68e+07]

---------------------------------
genweight

precut len 5077
[[1], [1, 1, 1], [1, 1, 1, 1, 1, ..., 1, 1, 1, 1], ..., [1, 1, 1, 1, 1, 1], [1]]

flattened precut len 29147
[1, 1, 1, 1, 1, 1, 1, 1, 1, 1, 1, 1, 1, ..., 1, 1, 1, 1, 1, 1, 1, 1, 1, 1, 1, 1]

postcut len 2903
[[1], [1, 1, 1], [1, 1, 1, 1, 1, ..., 1, 1, 1, 1], ..., [1, 1, 1, 1, 1, 1], [1]]

flattened len 21168
[1, 1, 1, 1, 1, 1, 1, 1, 1, 1, 1, 1, 1, ..., 1, 1, 1, 1, 1, 1, 1, 1, 1, 1, 1, 1]

---------------------------------
run

precut len 5077
[[1], [1, 1, 1], [1, 1, 1, 1, 1, ..., 1, 1, 1, 1], ..., [1, 1, 1, 1, 1, 1], [1]]

flattened precut len 29147
[1, 1, 1, 1, 1, 1, 1, 1, 1, 1, 1, 1, 1, ..., 1, 1, 1, 1, 1, 1, 1, 1, 1, 1, 1, 1]

postcut len 2903
[[1], [1, 1, 1], [1, 1, 1, 1, 1, ..., 1, 1, 1, 1], ..., [1, 1, 1, 1, 1, 1], [1]]

flattened len 21168
[1, 1, 1, 1, 1, 1, 1, 1, 1, 1, 1, 1, 1, ..., 1, 1, 1, 1, 1, 1, 1, 1, 1, 1, 1, 1]

---------------------------------
Pileup_nPU

precut len 5077
[[39], [57, 57, 57], [50, 50, ..., 50, 50], ..., [79, 79, 79, 79, 79, 79], [62]]

flattened precut len 29147
[39, 57, 57, 57, 50, 50, 50, 50, 50, ..., 53, 53, 79, 79, 79, 79, 79, 79, 62]

postcut len 2903
[[39], [57, 57, 57], [50, 50, ..., 50, 50], ..., [79, 79, 79, 79, 79, 79], [62]]

flattened len 21168
[39, 50, 50, 50, 50, 50, 50, 50, 50, ..., 53, 53, 53, 79, 79, 79, 79, 79, 79]

---------------------------------
pv_n

precut len 5077
[[30], [44, 44, 44], [36, 36, ..., 36, 36], ..., [59, 59, 59, 59, 59, 59], [42]]

flattened precut len 29147
[30, 44, 44, 44, 36, 36, 36, 36, 36, ..., 36, 36, 59, 59, 59, 59, 59, 59, 42]

postcut len 2903
[[30], [44, 44, 44], [36, 36, ..., 36, 36], ..., [59, 59, 59, 59, 59, 59], [42]]

flattened len 21168
[30, 36, 36, 36, 36, 36, 36, 36, 36, ..., 36, 36, 36, 59, 59, 59, 59, 59, 59]

---------------------------------
pv_ngood

precut len 5077
[[28], [38, 38, 38], [31, 31, ..., 31, 31], ..., [55, 55, 55, 55, 55, 55], [37]]

flattened precut len 29147
[28, 38, 38, 38, 31, 31, 31, 31, 31, ..., 34, 34, 55, 55, 55, 55, 55, 55, 37]

postcut len 2903
[[28], [38, 38, 38], [31, 31, ..., 31, 31], ..., [55, 55, 55, 55, 55, 55], [37]]

flattened len 21168
[28, 31, 31, 31, 31, 31, 31, 31, 31, ..., 34, 34, 34, 55, 55, 55, 55, 55, 55]

---------------------------------
fgrfcc

precut len 5077
[[19.3], [30.1, 30.1, 30.1], ..., [27.7, 27.7, 27.7, ..., 27.7, 27.7], [35.1]]

flattened precut len 29147
[19.3, 30.1, 30.1, 30.1, 22.4, 22.4, ..., 27.7, 27.7, 27.7, 27.7, 27.7, 35.1]

postcut len 2903
[[19.3], [30.1, 30.1, 30.1], ..., [27.7, 27.7, 27.7, ..., 27.7, 27.7], [35.1]]

flattened len 21168
[19.3, 22.4, 22.4, 22.4, 22.4, 22.4, ..., 27.7, 27.7, 27.7, 27.7, 27.7, 27.7]

---------------------------------
fgrfccpu

precut len 5077
[[16], [30.7, 30.7, 30.7], ..., [29.9, 29.9, 29.9, 29.9, 29.9, 29.9], [35]]

flattened precut len 29147
[16, 30.7, 30.7, 30.7, 19.8, 19.8, 19.8, ..., 29.9, 29.9, 29.9, 29.9, 29.9, 35]

postcut len 2903
[[16], [30.7, 30.7, 30.7], ..., [29.9, 29.9, 29.9, 29.9, 29.9, 29.9], [35]]

flattened len 21168
[16, 19.8, 19.8, 19.8, 19.8, 19.8, ..., 29.9, 29.9, 29.9, 29.9, 29.9, 29.9]

---------------------------------
jet1

precut len 5077
[[{phi: -2.76, eta: -2.43, pt: 29.6, energy: 170, nparticles: 11, ...}], ...]

flattened precut len 29147
[{phi: -2.76, eta: -2.43, pt: 29.6, energy: 170, nparticles: 11, ...}, ...]

postcut len 2903
[[{phi: -2.76, eta: -2.43, pt: 29.6, energy: 170, nparticles: 11, ...}], ...]

flattened len 21168
[{phi: -2.76, eta: -2.43, pt: 29.6, energy: 170, nparticles: 11, ...}, ...]

---------------------------------
jet2

precut len 5077
[[{phi: 0.571, eta: 0.571, pt: 21.7, energy: 25.5, nparticles: 5, ...}], ...]

flattened precut len 29147
[{phi: 0.571, eta: 0.571, pt: 21.7, energy: 25.5, nparticles: 5, ...}, ...]

postcut len 2903
[[{phi: 0.571, eta: 0.571, pt: 21.7, energy: 25.5, nparticles: 5, ...}], ...]

flattened len 21168
[{phi: 0.571, eta: 0.571, pt: 21.7, energy: 25.5, nparticles: 5, ...}, ...]

---------------------------------
dijet

precut len 5077
[[{eta: -3.96, phi: 2.48, pt: 4.25, mass: 99.4, nparticles: 0, ...}], ...]

flattened precut len 29147
[{eta: -3.96, phi: 2.48, pt: 4.25, mass: 99.4, nparticles: 0, ...}, ..., {...}]

postcut len 2903
[[{eta: -3.96, phi: 2.48, pt: 4.25, mass: 99.4, nparticles: 0, ...}], ...]

flattened len 21168
[{eta: -3.96, phi: 2.48, pt: 4.25, mass: 99.4, nparticles: 0, ...}, ..., {...}]

---------------------------------
part

precut len 5077
[[[]], ..., [[{phi: -0.222, eta: 0.874, pt: 206, charge: 1, ...}, ..., {...}]]]

flattened precut len 29147
[[], ..., [{phi: -0.222, eta: 0.874, pt: 206, charge: 1, pid: -11, ...}, ...]]

postcut len 2903
[[[]], ..., [[{phi: -0.222, eta: 0.874, pt: 206, charge: 1, ...}, ..., {...}]]]

flattened len 21168
[[], ..., [{phi: 1, eta: -1.57, pt: 41.1, charge: 1, pid: 211, ...}, ...]]

---------------------------------
sv

precut len 5077
[[[]], ..., [[{charge: 1, chi2: 0.338, dlen: 5.62, dlenSig: 140, ...}, ...]]]

flattened precut len 29147
[[], ..., [{charge: 1, chi2: 0.338, dlen: 5.62, dlenSig: 140, ...}, ..., {...}]]

postcut len 2903
[[[]], ..., [[{charge: 1, chi2: 0.338, dlen: 5.62, dlenSig: 140, ...}, ...]]]

flattened len 21168
[[], ..., [{charge: -1, chi2: 2.35, dlen: 5.07, dlenSig: 93.9, ...}, ...]]

---------------------------------
MC_physics_process

precut len 5077
[[0], [0, 0, 0], [0, 0, 0, 0, 0, ..., 0, 0, 0, 0], ..., [0, 0, 0, 0, 0, 0], [0]]

flattened precut len 29147
[0, 0, 0, 0, 0, 0, 0, 0, 0, 0, 0, 0, 0, ..., 0, 0, 0, 0, 0, 0, 0, 0, 0, 0, 0, 0]

postcut len 2903
[[0], [0, 0, 0], [0, 0, 0, 0, 0, ..., 0, 0, 0, 0], ..., [0, 0, 0, 0, 0, 0], [0]]

flattened len 21168
[0, 0, 0, 0, 0, 0, 0, 0, 0, 0, 0, 0, 0, ..., 0, 0, 0, 0, 0, 0, 0, 0, 0, 0, 0, 0]

---------------------------------
MC_higgs_pt

precut len 5077
[[0], [0, 0, 0], [0, 0, 0, ..., 0, 144], ..., [0, 0, 0, 290, 290, 290], [0]]

flattened precut len 29147
[0, 0, 0, 0, 0, 0, 0, 0, 0, 144, 0, ..., 0, 0, 0, 0, 0, 0, 0, 290, 290, 290, 0]

postcut len 2903
[[0], [0, 0, 0], [0, 0, 0, ..., 0, 144], ..., [0, 0, 0, 290, 290, 290], [0]]

flattened len 21168
[0, 0, 0, 0, 0, 0, 144, 0, 144, 0, 144, ..., 0, 0, 0, 0, 0, 0, 0, 290, 290, 290]

---------------------------------
MC_higgs_eta

precut len 5077
[[0], [0, 0, 0], [-0, ..., -1.33], ..., [-0, -0, -0, -1.75, -1.75, -1.75], [0]]

flattened precut len 29147
[0, 0, 0, 0, -0, -0, -0, -0, -0, ..., 0, 0, -0, -0, -0, -1.75, -1.75, -1.75, 0]

postcut len 2903
[[0], [0, 0, 0], [-0, ..., -1.33], ..., [-0, -0, -0, -1.75, -1.75, -1.75], [0]]

flattened len 21168
[0, -0, -0, -0, -0, -0, -1.33, -0, ..., 0, 0, -0, -0, -0, -1.75, -1.75, -1.75]

---------------------------------
MC_higgs_phi

precut len 5077
[[0], [0, 0, 0], [0, 0, 0, ..., 0, 2.77], ..., [0, 0, 0, 1.1, 1.1, 1.1], [0]]

flattened precut len 29147
[0, 0, 0, 0, 0, 0, 0, 0, 0, 2.77, 0, ..., 0, 0, 0, 0, 0, 0, 0, 1.1, 1.1, 1.1, 0]

postcut len 2903
[[0], [0, 0, 0], [0, 0, 0, ..., 0, 2.77], ..., [0, 0, 0, 1.1, 1.1, 1.1], [0]]

flattened len 21168
[0, 0, 0, 0, 0, 0, 2.77, 0, 2.77, 0, ..., 0, 0, 0, 0, 0, 0, 0, 1.1, 1.1, 1.1]

---------------------------------
MC_higgs_mass

precut len 5077
[[0], [0, 0, 0], [0, 0, 0, ..., 166, 0, 166], ..., [0, 0, 0, 63, 63, 63], [0]]

flattened precut len 29147
[0, 0, 0, 0, 0, 0, 0, 0, 0, 166, 0, ..., 0, 0, 0, 0, 0, 0, 0, 63, 63, 63, 0]

postcut len 2903
[[0], [0, 0, 0], [0, 0, 0, ..., 166, 0, 166], ..., [0, 0, 0, 63, 63, 63], [0]]

flattened len 21168
[0, 0, 0, 0, 0, 0, 166, 0, 166, 0, 166, ..., 0, 0, 0, 0, 0, 0, 0, 0, 63, 63, 63]

---------------------------------
MC_higgs_flav

precut len 5077
[[0], [0, 0, 0], [0, 0, 0, 0, 0, ..., 0, 5, 0, 5], ..., [0, 0, 0, 5, 5, 5], [0]]

flattened precut len 29147
[0, 0, 0, 0, 0, 0, 0, 0, 0, 5, 0, 5, 0, ..., 0, 0, 0, 0, 0, 0, 0, 0, 5, 5, 5, 0]

postcut len 2903
[[0], [0, 0, 0], [0, 0, 0, 0, 0, ..., 0, 5, 0, 5], ..., [0, 0, 0, 5, 5, 5], [0]]

flattened len 21168
[0, 0, 0, 0, 0, 0, 5, 0, 5, 0, 5, 0, 0, ..., 0, 0, 0, 0, 0, 0, 0, 0, 0, 5, 5, 5]

---------------------------------
MC_higgs_valid

precut len 5077
[[True], [False, False, False], ..., [False, False, ..., True, True], [False]]

flattened precut len 29147
[True, False, False, False, False, False, ..., False, True, True, True, False]

postcut len 2903
[[True], [False, False, False], ..., [False, False, ..., True, True], [False]]

flattened len 21168
[True, False, False, False, False, True, ..., False, False, True, True, True]

---------------------------------
MC_vector_flav

precut len 5077
[[0], [0, 0, 0], [0, 0, 0, 0, 0, ..., 0, 0, 0, 0], ..., [0, 0, 0, 0, 0, 0], [0]]

flattened precut len 29147
[0, 0, 0, 0, 0, 0, 0, 0, 0, 0, 0, 0, 0, ..., 0, 0, 0, 0, 0, 0, 0, 0, 0, 0, 0, 0]

postcut len 2903
[[0], [0, 0, 0], [0, 0, 0, 0, 0, ..., 0, 0, 0, 0], ..., [0, 0, 0, 0, 0, 0], [0]]

flattened len 21168
[0, 0, 0, 0, 0, 0, 0, 0, 0, 0, 0, 0, 0, ..., 0, 0, 0, 0, 0, 0, 0, 0, 0, 0, 0, 0]

---------------------------------
MC_lepton_channel

precut len 5077
[[-1], [-1, -1, -1], [-1, -1, ..., -1, -1], ..., [-1, -1, -1, -1, -1, -1], [-1]]

flattened precut len 29147
[-1, -1, -1, -1, -1, -1, -1, -1, -1, ..., -1, -1, -1, -1, -1, -1, -1, -1, -1]

postcut len 2903
[[-1], [-1, -1, -1], [-1, -1, ..., -1, -1], ..., [-1, -1, -1, -1, -1, -1], [-1]]

flattened len 21168
[-1, -1, -1, -1, -1, -1, -1, -1, -1, ..., -1, -1, -1, -1, -1, -1, -1, -1, -1]

---------------------------------
MC_gendijet_pt

precut len 5077
[[0], [89.9, 82.1, 51.8], [...], ..., [155, 232, 273, 240, 199, 118], [279]]

flattened precut len 29147
[0, 89.9, 82.1, 51.8, 133, 174, 235, ..., 155, 232, 273, 240, 199, 118, 279]

postcut len 2903
[[0], [89.9, 82.1, 51.8], [...], ..., [155, 232, 273, 240, 199, 118], [279]]

flattened len 21168
[0, 133, 174, 235, 225, 190, 130, 142, ..., 64, 155, 232, 273, 240, 199, 118]

---------------------------------
MC_gendijet_eta

precut len 5077
[[0], [-1.47, -2.03, -0.588], ..., [-3.11, -2.64, ..., -1.36, -1.49], [1.62]]

flattened precut len 29147
[0, -1.47, -2.03, -0.588, -1.06, -0.631, ..., -2.29, -1.71, -1.36, -1.49, 1.62]

postcut len 2903
[[0], [-1.47, -2.03, -0.588], ..., [-3.11, -2.64, ..., -1.36, -1.49], [1.62]]

flattened len 21168
[0, -1.06, -0.631, -0.797, -0.316, ..., -2.64, -2.29, -1.71, -1.36, -1.49]

---------------------------------
MC_gendijet_phi

precut len 5077
[[0], [-1.6, 2.52, 0.691], ..., [-1.82, -2.02, -2, ..., 1.02, 1.21], [2.95]]

flattened precut len 29147
[0, -1.6, 2.52, 0.691, -0.971, -0.339, ..., -2.02, -2, 1.06, 1.02, 1.21, 2.95]

postcut len 2903
[[0], [-1.6, 2.52, 0.691], ..., [-1.82, -2.02, -2, ..., 1.02, 1.21], [2.95]]

flattened len 21168
[0, -0.971, -0.339, -0.355, -0.461, 2.74, ..., -2.02, -2, 1.06, 1.02, 1.21]

---------------------------------
MC_gendijet_mass

precut len 5077
[[0], [252, 161, 193], [357, ...], ..., [469, 321, 435, 49.7, 188, 163], [379]]

flattened precut len 29147
[0, 252, 161, 193, 357, 268, 238, 137, ..., 469, 321, 435, 49.7, 188, 163, 379]

postcut len 2903
[[0], [252, 161, 193], [357, ...], ..., [469, 321, 435, 49.7, 188, 163], [379]]

flattened len 21168
[0, 357, 268, 238, 137, 95, 154, 74.6, ..., 66.6, 469, 321, 435, 49.7, 188, 163]

---------------------------------
MC_genjet1_flav

precut len 5077
[[0], [0, 0, 0], [0, 0, 0, 0, ..., -3, -3, -5], ..., [4, 4, 4, -5, -5, 5], [5]]

flattened precut len 29147
[0, 0, 0, 0, 0, 0, 0, 0, 5, 5, 5, -3, ..., 3, 21, 21, 21, 4, 4, 4, -5, -5, 5, 5]

postcut len 2903
[[0], [0, 0, 0], [0, 0, 0, 0, ..., -3, -3, -5], ..., [4, 4, 4, -5, -5, 5], [5]]

flattened len 21168
[0, 0, 0, 0, 0, 5, 5, 5, -3, -3, -5, ..., 3, 3, 21, 21, 21, 4, 4, 4, -5, -5, 5]

---------------------------------
MC_genjet2_flav

precut len 5077
[[0], [0, 0, 0], [5, -3, -5, ..., -5, 1, 1], ..., [-5, 5, 21, 5, 21, 21], [21]]

flattened precut len 29147
[0, 0, 0, 0, 5, -3, -5, 1, -3, -5, 1, ..., 21, 21, 21, -5, 5, 21, 5, 21, 21, 21]

postcut len 2903
[[0], [0, 0, 0], [5, -3, -5, ..., -5, 1, 1], ..., [-5, 5, 21, 5, 21, 21], [21]]

flattened len 21168
[0, 5, -3, -5, 1, -3, -5, 1, -5, 1, ..., 21, 21, 21, 21, -5, 5, 21, 5, 21, 21]

---------------------------------
MC_genjet1_matched

precut len 5077
[[False], [True, True, True], ..., [True, True, True, ..., True, True], [True]]

flattened precut len 29147
[False, True, True, True, True, True, ..., True, True, True, True, True, True]

postcut len 2903
[[False], [True, True, True], ..., [True, True, True, ..., True, True], [True]]

flattened len 21168
[False, True, True, True, True, True, ..., True, True, True, True, True, True]

---------------------------------
MC_genjet2_matched

precut len 5077
[[False], [True, True, True], ..., [True, True, True, ..., True, True], [True]]

flattened precut len 29147
[False, True, True, True, True, True, ..., True, True, True, True, True, True]

postcut len 2903
[[False], [True, True, True], ..., [True, True, True, ..., True, True], [True]]

flattened len 21168
[False, True, True, True, True, True, ..., True, True, True, True, True, True]

---------------------------------
MC_drqq

precut len 5077
[[0], [0, 0, 0], [0, 0, ..., 0, 2.21], ..., [0, 0, 0, 0.427, 0.427, 0.427], [0]]

flattened precut len 29147
[0, 0, 0, 0, 0, 0, 0, 0, 0, 2.21, ..., 0, 0, 0, 0, 0, 0, 0.427, 0.427, 0.427, 0]

postcut len 2903
[[0], [0, 0, 0], [0, 0, ..., 0, 2.21], ..., [0, 0, 0, 0.427, 0.427, 0.427], [0]]

flattened len 21168
[0, 0, 0, 0, 0, 0, 2.21, 0, 2.21, 0, ..., 0, 0, 0, 0, 0, 0, 0.427, 0.427, 0.427]

---------------------------------
MC_n_c

precut len 5077
[[0], [0, 0, 0], [0, 0, 0, 0, 0, ..., 0, 0, 0, 0], ..., [1, 1, 1, 1, 1, 1], [0]]

flattened precut len 29147
[0, 0, 0, 0, 0, 0, 0, 0, 0, 0, 0, 0, 0, ..., 0, 0, 0, 0, 0, 1, 1, 1, 1, 1, 1, 0]

postcut len 2903
[[0], [0, 0, 0], [0, 0, 0, 0, 0, ..., 0, 0, 0, 0], ..., [1, 1, 1, 1, 1, 1], [0]]

flattened len 21168
[0, 0, 0, 0, 0, 0, 0, 0, 0, 0, 0, 0, 0, ..., 0, 0, 0, 0, 0, 0, 1, 1, 1, 1, 1, 1]

---------------------------------
label_BB

precut len 5077
[[False], [False, False, False], ..., [False, False, ..., True, True], [False]]

flattened precut len 29147
[False, False, False, False, False, False, ..., False, True, True, True, False]

postcut len 2903
[[False], [False, False, False], ..., [False, False, ..., True, True], [False]]

flattened len 21168
[False, False, False, False, False, False, ..., False, False, True, True, True]

---------------------------------
label_CC

precut len 5077
[[False], [False, False, False], ..., [False, False, ..., False], [False]]

flattened precut len 29147
[False, False, False, False, False, ..., False, False, False, False, False]

postcut len 2903
[[False], [False, False, False], ..., [False, False, ..., False], [False]]

flattened len 21168
[False, False, False, False, False, ..., False, False, False, False, False]

---------------------------------
label_bb

precut len 5077
[[False], [False, False, False], ..., [True, True, ..., False, False], [True]]

flattened precut len 29147
[False, False, False, False, False, True, ..., False, False, False, False, True]

postcut len 2903
[[False], [False, False, False], ..., [True, True, ..., False, False], [True]]

flattened len 21168
[False, False, True, False, False, False, ..., True, False, False, False, False]

---------------------------------
label_bx

precut len 5077
[[False], [False, False, False], ..., [False, False, ..., False], [False]]

flattened precut len 29147
[False, False, False, False, True, ..., False, False, False, False, False]

postcut len 2903
[[False], [False, False, False], ..., [False, False, ..., False], [False]]

flattened len 21168
[False, True, False, True, False, True, ..., False, False, False, False, False]

---------------------------------
label_cx

precut len 5077
[[False], [False, False, False], ..., [False, False, ..., False], [False]]

flattened precut len 29147
[False, False, False, False, False, ..., True, False, False, False, False]

postcut len 2903
[[False], [False, False, False], ..., [False, False, ..., False], [False]]

flattened len 21168
[False, False, False, False, False, ..., False, True, False, False, False]

---------------------------------
label_ll

precut len 5077
[[True], [True, True, True], ..., [False, False, ..., False, False], [False]]

flattened precut len 29147
[True, True, True, True, False, False, ..., False, False, False, False, False]

postcut len 2903
[[True], [True, True, True], ..., [False, False, ..., False, False], [False]]

flattened len 21168
[True, False, False, False, True, False, ..., False, False, False, False, False]


** Written 21168 PAIReD jets to the output file in 7.11 seconds
** Computing time per PAIReD jet: 0.336 milliseconds
** Computing time per event: 1.184 milliseconds

*****************************************************************
  End makeNtuplesPAIReDjointMC()
*****************************************************************

