Traceback (most recent call last):
  File "/isilon/condor/hep104.hep.brown.edu/execute/dir_68688/execute/job_PAIReD_1-2/src/processFileToPAIReD.py", line 184, in <module>
    makeNtuplesPAIReDjointMC(args.inputFilePath, args.outputFilePath,
  File "/isilon/condor/hep104.hep.brown.edu/execute/dir_68688/execute/job_PAIReD_1-2/src/processFileToPAIReD.py", line 153, in makeNtuplesPAIReDjointMC
    outputTree.extend(DataPAIReD)
  File "/home/trussel1/miniconda3/envs/nano2paired/lib/python3.10/site-packages/uproot/writing/writable.py", line 1823, in extend
    self._cascading.extend(self._file, self._file.sink, data)
  File "/home/trussel1/miniconda3/envs/nano2paired/lib/python3.10/site-packages/uproot/writing/_cascadetree.py", line 755, in extend
    raise AssertionError(
AssertionError: how did this pass the type check?

<IndexedOptionArray len='98911'>
    <index><Index dtype='int64' len='98911'>
        [    0     1     2 ... 98908 98909 98910]
    </Index></index>
    <content><ListOffsetArray len='98911'>
        <offsets><Index dtype='int64' len='98912'>
            [      0       0       0 ... 1962814 1962836 1962836]
        </Index></offsets>
        <content><NumpyArray dtype='float32' len='1962836'>
            [-1.7492676  -1.578125   -1.6279297  ...  0.39990234  0.42645264
              0.2576294 ]
        </NumpyArray></content>
    </ListOffsetArray></content>
</IndexedOptionArray>
