Traceback (most recent call last):
  File "/isilon/condor/hep104.hep.brown.edu/execute/dir_175969/execute/job_PAIReD_1-2/src/processFileToPAIReD.py", line 184, in <module>
    makeNtuplesPAIReDjointMC(args.inputFilePath, args.outputFilePath,
  File "/isilon/condor/hep104.hep.brown.edu/execute/dir_175969/execute/job_PAIReD_1-2/src/processFileToPAIReD.py", line 153, in makeNtuplesPAIReDjointMC
    outputTree.extend(DataPAIReD)
  File "/home/trussel1/miniconda3/envs/nano2paired/lib/python3.10/site-packages/uproot/writing/writable.py", line 1823, in extend
    self._cascading.extend(self._file, self._file.sink, data)
  File "/home/trussel1/miniconda3/envs/nano2paired/lib/python3.10/site-packages/uproot/writing/_cascadetree.py", line 755, in extend
    raise AssertionError(
AssertionError: how did this pass the type check?

<IndexedOptionArray len='98911'>
    <index><Index dtype='int64' len='98911'>
        [    0     1     2 ... 98908 98909 98910]
    </Index></index>
    <content><ListArray len='98911'>
        <starts><Index dtype='int64' len='98911'>
            [      0       5      83 ... 8401599 8401619 8401692]
        </Index></starts>
        <stops><Index dtype='int64' len='98911'>
            [      0       5      95 ... 8401619 8401641 8401692]
        </Index></stops>
        <content><NumpyArray dtype='float32' len='8401791'>
            [-2.8725586  -2.7675781  -2.8339844  ... -0.81689453 -0.9523926
             -0.76538086]
        </NumpyArray></content>
    </ListArray></content>
</IndexedOptionArray>
